2023-12-06 19:20:48,432 INFO c.s.h.m.Zoo [main] The capacity of the zoo is of 50 customers
2023-12-06 19:20:48,435 INFO c.s.h.m.Employee [main] I can walk down the streets from the Zoo and also enter to only-employees rooms.
2023-12-06 19:20:48,435 INFO c.s.h.m.Employee [main] I can walk down the streets from the Zoo and also enter to only-employees rooms.
2023-12-06 19:20:48,435 INFO c.s.h.m.Employee [main] I can walk down the streets from the Zoo and also enter to only-employees rooms.
2023-12-06 19:20:48,435 INFO c.s.h.m.Customer [main] I can walk down the streets from the Zoo!
2023-12-06 19:20:48,436 INFO c.s.h.m.Customer [main] I can walk down the streets from the Zoo!
2023-12-06 19:20:48,436 INFO c.s.h.m.Employee [main] I can walk down the streets from the Zoo and also enter to only-employees rooms.
2023-12-06 19:20:48,436 INFO c.s.h.m.Employee [main] I can walk down the streets from the Zoo and also enter to only-employees rooms.
2023-12-06 19:20:48,436 INFO c.s.h.m.Employee [main] I can walk down the streets from the Zoo and also enter to only-employees rooms.
2023-12-06 19:20:48,436 INFO c.s.h.m.Person [main] I sleep in a bed, during the night!
2023-12-06 19:20:48,437 INFO c.s.h.m.Person [main] I sleep in a bed, during the night!
2023-12-06 19:20:48,437 INFO c.s.h.m.Bird [main] I like sleeping in branches from trees!
2023-12-06 19:20:48,437 INFO c.s.h.m.Bird [main] I like sleeping in branches from trees!
2023-12-06 19:20:48,438 INFO c.s.h.m.Person [main] I sleep in a bed, during the night!
2023-12-06 19:20:48,438 INFO c.s.h.Main [main] There are 4 Animals
2023-12-06 19:20:48,442 INFO c.s.h.Main [main] Insert two integer numbers
2023-12-06 19:20:48,442 INFO c.s.h.Main [main] The result of the sum is 12
2023-12-06 19:20:48,443 ERROR c.s.h.Main [main] Age cannot be negative
com.solvd.homework11.exceptions.NegativeValueException: Age cannot be negative
	at com.solvd.homework11.models.Person.setAge(Person.java:49) ~[classes/:?]
	at com.solvd.homework11.Main.main(Main.java:141) [classes/:?]
2023-12-06 19:20:48,468 INFO c.s.h.Main [main] Current age of Louis is 40
2023-12-06 19:20:48,484 INFO c.s.h.Main [main] There are 50 unique words.
2023-12-06 19:20:48,487 INFO c.s.h.Main [main] The employees over 25 years old are: 
2023-12-06 19:20:48,488 INFO c.s.h.Main [main] Alvaro Rodriguez
2023-12-06 19:20:48,488 INFO c.s.h.Main [main] Karen Lopez
2023-12-06 19:20:48,488 INFO c.s.h.Main [main] The person's ages are: 
2023-12-06 19:20:48,489 INFO c.s.h.Main [main] 24
2023-12-06 19:20:48,489 INFO c.s.h.Main [main] 32
2023-12-06 19:20:48,490 INFO c.s.h.Main [main] 29
2023-12-06 19:20:48,490 INFO c.s.h.Main [main] 40
2023-12-06 19:20:48,490 INFO c.s.h.Main [main] 18
2023-12-06 19:20:48,490 INFO c.s.h.Main [main] 21
2023-12-06 19:20:48,491 INFO c.s.h.Main [main] 32
2023-12-06 19:20:48,491 INFO c.s.h.Main [main] 29
2023-12-06 19:20:48,491 INFO c.s.h.Main [main] The created zoo is called International Zoo
2023-12-06 19:20:48,492 INFO c.s.h.Main [main] The ages of the persons squared are: 
2023-12-06 19:20:48,492 INFO c.s.h.Main [main] 576
2023-12-06 19:20:48,492 INFO c.s.h.Main [main] 1024
2023-12-06 19:20:48,492 INFO c.s.h.Main [main] 841
2023-12-06 19:20:48,493 INFO c.s.h.Main [main] 1600
2023-12-06 19:20:48,493 INFO c.s.h.Main [main] 324
2023-12-06 19:20:48,493 INFO c.s.h.Main [main] 441
2023-12-06 19:20:48,493 INFO c.s.h.Main [main] 1024
2023-12-06 19:20:48,493 INFO c.s.h.Main [main] 841
2023-12-06 19:20:48,497 INFO c.s.h.Main [main] This is concatenation
2023-12-06 19:20:48,498 INFO c.s.h.Main [main] The result of the sum is 56.36
2023-12-06 19:20:48,498 INFO c.s.h.Main [main] The created habitat is called Savanna
2023-12-06 19:20:48,500 INFO c.s.h.Main [main] Alvaro
2023-12-06 19:20:48,501 INFO c.s.h.Main [main] Karen
2023-12-06 19:20:48,502 INFO c.s.h.Main [main] John Doe
2023-12-06 19:20:48,502 INFO c.s.h.Main [main] Alvaro Rodriguez
2023-12-06 19:20:48,502 INFO c.s.h.Main [main] Louis Rose
2023-12-06 19:20:48,502 INFO c.s.h.Main [main] Viktor Solis
2023-12-06 19:20:48,505 INFO c.s.h.Main [main] 4 employees earn more than 1700 
2023-12-06 19:20:48,506 INFO c.s.h.Main [main] false
2023-12-06 19:20:48,507 INFO c.s.h.Main [main] Karen
2023-12-06 19:20:48,507 INFO c.s.h.Main [main] 1 female person has a name that starts with K
2023-12-06 19:20:48,508 INFO c.s.h.Main [main] 2000.0
2023-12-06 19:20:48,508 INFO c.s.h.Main [main] 1800.0
2023-12-06 19:20:48,508 INFO c.s.h.Main [main] 2300.0
2023-12-06 19:20:48,509 INFO c.s.h.Main [main] Forest
2023-12-06 19:20:48,509 INFO c.s.h.Main [main] Forest
2023-12-06 19:20:48,510 INFO c.s.h.Main [main] Are all the mexicans over 23 years old? false
2023-12-06 19:20:48,510 INFO c.s.h.Main [main] Fields from the class Person are:
2023-12-06 19:20:48,511 INFO c.s.h.Main [main] Logger LOGGER
2023-12-06 19:20:48,511 INFO c.s.h.Main [main] String id
2023-12-06 19:20:48,511 INFO c.s.h.Main [main] int age
2023-12-06 19:20:48,511 INFO c.s.h.Main [main] String firstName
2023-12-06 19:20:48,511 INFO c.s.h.Main [main] String lastName
2023-12-06 19:20:48,515 INFO c.s.h.Main [main] Gender gender
2023-12-06 19:20:48,515 INFO c.s.h.Main [main] Country country
2023-12-06 19:20:48,515 INFO c.s.h.Main [main] The constructors from the class Person are:
2023-12-06 19:20:48,516 INFO c.s.h.Main [main] Name of constructor: com.solvd.homework11.models.Person and the paremeter's types are:String int String String Gender Country
2023-12-06 19:20:48,516 INFO c.s.h.Main [main] Methods from the class Person are:
2023-12-06 19:20:48,524 INFO c.s.h.Main [main] public final void sleep 
2023-12-06 19:20:48,524 INFO c.s.h.Main [main] public String getId 
2023-12-06 19:20:48,524 INFO c.s.h.Main [main] public abstract void walk 
2023-12-06 19:20:48,524 INFO c.s.h.Main [main] public Country getCountry 
2023-12-06 19:20:48,525 INFO c.s.h.Main [main] public void setGender  - The parameters are of type: Gender 
2023-12-06 19:20:48,525 INFO c.s.h.Main [main] public final void breath 
2023-12-06 19:20:48,525 INFO c.s.h.Main [main] public final void eat 
2023-12-06 19:20:48,525 INFO c.s.h.Main [main] public void setAge  - The parameters are of type: int 
2023-12-06 19:20:48,525 INFO c.s.h.Main [main] public int getAge 
2023-12-06 19:20:48,525 INFO c.s.h.Main [main] public Gender getGender 
2023-12-06 19:20:48,525 INFO c.s.h.Main [main] public String getFirstName 
2023-12-06 19:20:48,526 INFO c.s.h.Main [main] public String getLastName 
2023-12-06 19:20:48,526 INFO c.s.h.Main [main] public void setId  - The parameters are of type: String 
2023-12-06 19:20:48,526 INFO c.s.h.Main [main] public void setCountry  - The parameters are of type: Country 
2023-12-06 19:20:48,526 INFO c.s.h.Main [main] public void setFirstName  - The parameters are of type: String 
2023-12-06 19:20:48,526 INFO c.s.h.Main [main] public void setLastName  - The parameters are of type: String 
2023-12-06 19:20:48,533 INFO c.s.h.m.Bird [main] I like sleeping in branches from trees!
2023-12-06 19:20:48,536 INFO c.s.h.t.MyThread [Thread-0] Thread Thread-0 running
2023-12-06 19:20:48,537 INFO c.s.h.Main [Thread-1] Thread Thread-1 running
2023-12-06 19:20:48,546 INFO c.s.h.u.ConnectionPool [pool-2-thread-1] pool-2-thread-1 could get the connection
2023-12-06 19:20:48,547 INFO c.s.h.u.ConnectionPool [pool-2-thread-2] pool-2-thread-2 could get the connection
2023-12-06 19:20:48,549 INFO c.s.h.u.ConnectionPool [pool-2-thread-3] pool-2-thread-3 could get the connection
2023-12-06 19:20:48,550 INFO c.s.h.u.ConnectionPool [pool-2-thread-6] pool-2-thread-6 could get the connection
2023-12-06 19:20:48,551 INFO c.s.h.u.ConnectionPool [pool-2-thread-5] pool-2-thread-5 could get the connection
2023-12-06 19:20:48,553 INFO c.s.h.u.ConnectionPool [pool-2-thread-4] pool-2-thread-4 is waiting...
2023-12-06 19:20:48,554 INFO c.s.h.u.ConnectionPool [pool-2-thread-7] pool-2-thread-7 is waiting...
2023-12-06 19:20:48,556 INFO c.s.h.u.ConnectionPool [pool-2-thread-9] pool-2-thread-9 could get the connection
2023-12-06 19:20:48,557 INFO c.s.h.u.ConnectionPool [pool-2-thread-8] pool-2-thread-8 could get the connection
2023-12-06 19:20:48,557 INFO c.s.h.u.ConnectionPool [pool-2-thread-10] pool-2-thread-10 could get the connection
2023-12-06 19:20:48,559 INFO c.s.h.u.ConnectionPool [pool-2-thread-11] pool-2-thread-11 could get the connection
2023-12-06 19:20:48,559 INFO c.s.h.u.ConnectionPool [pool-2-thread-13] pool-2-thread-13 could get the connection
2023-12-06 19:20:48,560 INFO c.s.h.u.ConnectionPool [pool-2-thread-12] pool-2-thread-12 is waiting...
2023-12-06 19:20:48,561 INFO c.s.h.u.ConnectionPool [pool-2-thread-14] pool-2-thread-14 is waiting...
2023-12-06 19:20:52,558 INFO c.s.h.u.ConnectionPool [pool-2-thread-12] pool-2-thread-12 could get the connection
2023-12-06 19:20:52,559 INFO c.s.h.u.ConnectionPool [pool-2-thread-14] pool-2-thread-14 could get the connection
2023-12-06 19:20:54,553 INFO c.s.h.u.ConnectionPool [pool-2-thread-4] pool-2-thread-4 could get the connection
2023-12-06 19:20:55,547 INFO c.s.h.u.ConnectionPool [pool-2-thread-7] pool-2-thread-7 could get the connection
