2023-12-06 19:18:49,815 INFO c.s.h.m.Zoo [main] The capacity of the zoo is of 50 customers
2023-12-06 19:18:49,818 INFO c.s.h.m.Employee [main] I can walk down the streets from the Zoo and also enter to only-employees rooms.
2023-12-06 19:18:49,818 INFO c.s.h.m.Employee [main] I can walk down the streets from the Zoo and also enter to only-employees rooms.
2023-12-06 19:18:49,818 INFO c.s.h.m.Employee [main] I can walk down the streets from the Zoo and also enter to only-employees rooms.
2023-12-06 19:18:49,818 INFO c.s.h.m.Customer [main] I can walk down the streets from the Zoo!
2023-12-06 19:18:49,819 INFO c.s.h.m.Customer [main] I can walk down the streets from the Zoo!
2023-12-06 19:18:49,819 INFO c.s.h.m.Employee [main] I can walk down the streets from the Zoo and also enter to only-employees rooms.
2023-12-06 19:18:49,819 INFO c.s.h.m.Employee [main] I can walk down the streets from the Zoo and also enter to only-employees rooms.
2023-12-06 19:18:49,819 INFO c.s.h.m.Employee [main] I can walk down the streets from the Zoo and also enter to only-employees rooms.
2023-12-06 19:18:49,820 INFO c.s.h.m.Person [main] I sleep in a bed, during the night!
2023-12-06 19:18:49,820 INFO c.s.h.m.Person [main] I sleep in a bed, during the night!
2023-12-06 19:18:49,820 INFO c.s.h.m.Bird [main] I like sleeping in branches from trees!
2023-12-06 19:18:49,821 INFO c.s.h.m.Bird [main] I like sleeping in branches from trees!
2023-12-06 19:18:49,821 INFO c.s.h.m.Person [main] I sleep in a bed, during the night!
2023-12-06 19:18:49,821 INFO c.s.h.Main [main] There are 4 Animals
2023-12-06 19:18:49,823 INFO c.s.h.Main [main] Insert two integer numbers
2023-12-06 19:18:49,823 INFO c.s.h.Main [main] The result of the sum is 12
2023-12-06 19:18:49,824 ERROR c.s.h.Main [main] Age cannot be negative
com.solvd.homework11.exceptions.NegativeValueException: Age cannot be negative
	at com.solvd.homework11.models.Person.setAge(Person.java:49) ~[classes/:?]
	at com.solvd.homework11.Main.main(Main.java:141) [classes/:?]
2023-12-06 19:18:49,831 INFO c.s.h.Main [main] Current age of Louis is 40
2023-12-06 19:18:49,847 INFO c.s.h.Main [main] There are 50 unique words.
2023-12-06 19:18:49,850 INFO c.s.h.Main [main] The employees over 25 years old are: 
2023-12-06 19:18:49,851 INFO c.s.h.Main [main] Alvaro Rodriguez
2023-12-06 19:18:49,851 INFO c.s.h.Main [main] Karen Lopez
2023-12-06 19:18:49,851 INFO c.s.h.Main [main] The person's ages are: 
2023-12-06 19:18:49,852 INFO c.s.h.Main [main] 24
2023-12-06 19:18:49,852 INFO c.s.h.Main [main] 32
2023-12-06 19:18:49,852 INFO c.s.h.Main [main] 29
2023-12-06 19:18:49,853 INFO c.s.h.Main [main] 40
2023-12-06 19:18:49,853 INFO c.s.h.Main [main] 18
2023-12-06 19:18:49,853 INFO c.s.h.Main [main] 21
2023-12-06 19:18:49,853 INFO c.s.h.Main [main] 32
2023-12-06 19:18:49,853 INFO c.s.h.Main [main] 29
2023-12-06 19:18:49,854 INFO c.s.h.Main [main] The created zoo is called International Zoo
2023-12-06 19:18:49,854 INFO c.s.h.Main [main] The ages of the persons squared are: 
2023-12-06 19:18:49,855 INFO c.s.h.Main [main] 576
2023-12-06 19:18:49,855 INFO c.s.h.Main [main] 1024
2023-12-06 19:18:49,855 INFO c.s.h.Main [main] 841
2023-12-06 19:18:49,855 INFO c.s.h.Main [main] 1600
2023-12-06 19:18:49,855 INFO c.s.h.Main [main] 324
2023-12-06 19:18:49,855 INFO c.s.h.Main [main] 441
2023-12-06 19:18:49,855 INFO c.s.h.Main [main] 1024
2023-12-06 19:18:49,856 INFO c.s.h.Main [main] 841
2023-12-06 19:18:49,860 INFO c.s.h.Main [main] This is concatenation
2023-12-06 19:18:49,861 INFO c.s.h.Main [main] The result of the sum is 56.36
2023-12-06 19:18:49,862 INFO c.s.h.Main [main] The created habitat is called Savanna
2023-12-06 19:18:49,863 INFO c.s.h.Main [main] Alvaro
2023-12-06 19:18:49,863 INFO c.s.h.Main [main] Karen
2023-12-06 19:18:49,864 INFO c.s.h.Main [main] John Doe
2023-12-06 19:18:49,864 INFO c.s.h.Main [main] Alvaro Rodriguez
2023-12-06 19:18:49,865 INFO c.s.h.Main [main] Louis Rose
2023-12-06 19:18:49,865 INFO c.s.h.Main [main] Viktor Solis
2023-12-06 19:18:49,867 INFO c.s.h.Main [main] 4 employees earn more than 1700 
2023-12-06 19:18:49,868 INFO c.s.h.Main [main] false
2023-12-06 19:18:49,871 INFO c.s.h.Main [main] Karen
2023-12-06 19:18:49,872 INFO c.s.h.Main [main] 1 female person has a name that starts with K
2023-12-06 19:18:49,873 INFO c.s.h.Main [main] 2000.0
2023-12-06 19:18:49,873 INFO c.s.h.Main [main] 1800.0
2023-12-06 19:18:49,873 INFO c.s.h.Main [main] 2300.0
2023-12-06 19:18:49,874 INFO c.s.h.Main [main] Forest
2023-12-06 19:18:49,874 INFO c.s.h.Main [main] Forest
2023-12-06 19:18:49,875 INFO c.s.h.Main [main] Are all the mexicans over 23 years old? false
2023-12-06 19:18:49,876 INFO c.s.h.Main [main] Fields from the class Person are:
2023-12-06 19:18:49,876 INFO c.s.h.Main [main] Logger LOGGER
2023-12-06 19:18:49,879 INFO c.s.h.Main [main] String id
2023-12-06 19:18:49,879 INFO c.s.h.Main [main] int age
2023-12-06 19:18:49,880 INFO c.s.h.Main [main] String firstName
2023-12-06 19:18:49,880 INFO c.s.h.Main [main] String lastName
2023-12-06 19:18:49,880 INFO c.s.h.Main [main] Gender gender
2023-12-06 19:18:49,880 INFO c.s.h.Main [main] Country country
2023-12-06 19:18:49,880 INFO c.s.h.Main [main] The constructors from the class Person are:
2023-12-06 19:18:49,881 INFO c.s.h.Main [main] Name of constructor: com.solvd.homework11.models.Person and the paremeter's types are:String int String String Gender Country
2023-12-06 19:18:49,881 INFO c.s.h.Main [main] Methods from the class Person are:
2023-12-06 19:18:49,884 INFO c.s.h.Main [main] public final void sleep 
2023-12-06 19:18:49,884 INFO c.s.h.Main [main] public String getId 
2023-12-06 19:18:49,884 INFO c.s.h.Main [main] public abstract void walk 
2023-12-06 19:18:49,884 INFO c.s.h.Main [main] public Country getCountry 
2023-12-06 19:18:49,884 INFO c.s.h.Main [main] public void setGender  - The parameters are of type: Gender 
2023-12-06 19:18:49,885 INFO c.s.h.Main [main] public final void breath 
2023-12-06 19:18:49,886 INFO c.s.h.Main [main] public final void eat 
2023-12-06 19:18:49,886 INFO c.s.h.Main [main] public void setAge  - The parameters are of type: int 
2023-12-06 19:18:49,886 INFO c.s.h.Main [main] public int getAge 
2023-12-06 19:18:49,886 INFO c.s.h.Main [main] public Gender getGender 
2023-12-06 19:18:49,886 INFO c.s.h.Main [main] public String getFirstName 
2023-12-06 19:18:49,886 INFO c.s.h.Main [main] public String getLastName 
2023-12-06 19:18:49,887 INFO c.s.h.Main [main] public void setId  - The parameters are of type: String 
2023-12-06 19:18:49,887 INFO c.s.h.Main [main] public void setFirstName  - The parameters are of type: String 
2023-12-06 19:18:49,887 INFO c.s.h.Main [main] public void setLastName  - The parameters are of type: String 
2023-12-06 19:18:49,887 INFO c.s.h.Main [main] public void setCountry  - The parameters are of type: Country 
2023-12-06 19:18:49,893 INFO c.s.h.m.Bird [main] I like sleeping in branches from trees!
2023-12-06 19:18:49,894 INFO c.s.h.Main [Thread-1] Thread Thread-1 running
2023-12-06 19:18:49,899 INFO c.s.h.u.ConnectionPool [pool-2-thread-1] pool-2-thread-1 could get the connection
2023-12-06 19:18:49,899 INFO c.s.h.t.MyThread [Thread-0] Thread Thread-0 running
2023-12-06 19:18:49,900 INFO c.s.h.u.ConnectionPool [pool-2-thread-2] pool-2-thread-2 could get the connection
2023-12-06 19:18:49,900 INFO c.s.h.u.ConnectionPool [pool-2-thread-3] pool-2-thread-3 could get the connection
2023-12-06 19:18:49,901 INFO c.s.h.u.ConnectionPool [pool-2-thread-4] pool-2-thread-4 could get the connection
2023-12-06 19:18:49,901 INFO c.s.h.u.ConnectionPool [pool-2-thread-5] pool-2-thread-5 could get the connection
2023-12-06 19:18:49,903 INFO c.s.h.u.ConnectionPool [pool-2-thread-6] pool-2-thread-6 is waiting...
2023-12-06 19:18:49,904 INFO c.s.h.u.ConnectionPool [pool-2-thread-7] pool-2-thread-7 is waiting...
2023-12-06 19:18:55,902 INFO c.s.h.u.ConnectionPool [pool-2-thread-6] pool-2-thread-6 could get the connection
2023-12-06 19:18:55,902 INFO c.s.h.u.ConnectionPool [pool-2-thread-3] pool-2-thread-3 could get the connection
2023-12-06 19:18:56,902 INFO c.s.h.u.ConnectionPool [pool-2-thread-4] pool-2-thread-4 could get the connection
2023-12-06 19:18:56,902 INFO c.s.h.u.ConnectionPool [pool-2-thread-7] pool-2-thread-7 could get the connection
2023-12-06 19:18:56,903 INFO c.s.h.u.ConnectionPool [pool-2-thread-5] pool-2-thread-5 could get the connection
2023-12-06 19:18:58,900 INFO c.s.h.u.ConnectionPool [pool-2-thread-1] pool-2-thread-1 could get the connection
2023-12-06 19:18:59,901 INFO c.s.h.u.ConnectionPool [pool-2-thread-2] pool-2-thread-2 could get the connection
2023-12-06 19:18:59,903 INFO c.s.h.u.ConnectionPool [pool-2-thread-3] pool-2-thread-3 could get the connection
2023-12-06 19:19:00,903 INFO c.s.h.u.ConnectionPool [pool-2-thread-4] pool-2-thread-4 could get the connection
