2023-12-03 20:59:58,871 INFO c.s.h.m.Zoo [main] The capacity of the zoo is of 50 customers
2023-12-03 20:59:58,879 INFO c.s.h.m.Employee [main] I can walk down the streets from the Zoo and also enter to only-employees rooms.
2023-12-03 20:59:58,881 INFO c.s.h.m.Employee [main] I can walk down the streets from the Zoo and also enter to only-employees rooms.
2023-12-03 20:59:58,882 INFO c.s.h.m.Employee [main] I can walk down the streets from the Zoo and also enter to only-employees rooms.
2023-12-03 20:59:58,883 INFO c.s.h.m.Customer [main] I can walk down the streets from the Zoo!
2023-12-03 20:59:58,883 INFO c.s.h.m.Customer [main] I can walk down the streets from the Zoo!
2023-12-03 20:59:58,883 INFO c.s.h.m.Employee [main] I can walk down the streets from the Zoo and also enter to only-employees rooms.
2023-12-03 20:59:58,883 INFO c.s.h.m.Employee [main] I can walk down the streets from the Zoo and also enter to only-employees rooms.
2023-12-03 20:59:58,884 INFO c.s.h.m.Employee [main] I can walk down the streets from the Zoo and also enter to only-employees rooms.
2023-12-03 20:59:58,885 INFO c.s.h.m.Person [main] I sleep in a bed, during the night!
2023-12-03 20:59:58,885 INFO c.s.h.m.Person [main] I sleep in a bed, during the night!
2023-12-03 20:59:58,885 INFO c.s.h.m.Bird [main] I like sleeping in branches from trees!
2023-12-03 20:59:58,888 INFO c.s.h.m.Bird [main] I like sleeping in branches from trees!
2023-12-03 20:59:58,889 INFO c.s.h.m.Person [main] I sleep in a bed, during the night!
2023-12-03 20:59:58,889 INFO c.s.h.Main [main] There are 4 Animals
2023-12-03 20:59:58,891 INFO c.s.h.Main [main] Insert two integer numbers
2023-12-03 20:59:58,891 INFO c.s.h.Main [main] The result of the sum is 12
2023-12-03 20:59:58,892 ERROR c.s.h.Main [main] Age cannot be negative
com.solvd.homework11.exceptions.NegativeValueException: Age cannot be negative
	at com.solvd.homework11.models.Person.setAge(Person.java:49) ~[classes/:?]
	at com.solvd.homework11.Main.main(Main.java:138) [classes/:?]
2023-12-03 20:59:58,909 INFO c.s.h.Main [main] Current age of Louis is 40
2023-12-03 20:59:58,931 INFO c.s.h.Main [main] There are 50 unique words.
2023-12-03 20:59:58,935 INFO c.s.h.Main [main] The employees over 25 years old are: 
2023-12-03 20:59:58,936 INFO c.s.h.Main [main] Alvaro Rodriguez
2023-12-03 20:59:58,936 INFO c.s.h.Main [main] Karen Lopez
2023-12-03 20:59:58,937 INFO c.s.h.Main [main] The person's ages are: 
2023-12-03 20:59:58,938 INFO c.s.h.Main [main] 24
2023-12-03 20:59:58,938 INFO c.s.h.Main [main] 32
2023-12-03 20:59:58,939 INFO c.s.h.Main [main] 29
2023-12-03 20:59:58,939 INFO c.s.h.Main [main] 40
2023-12-03 20:59:58,939 INFO c.s.h.Main [main] 18
2023-12-03 20:59:58,939 INFO c.s.h.Main [main] 21
2023-12-03 20:59:58,939 INFO c.s.h.Main [main] 32
2023-12-03 20:59:58,940 INFO c.s.h.Main [main] 29
2023-12-03 20:59:58,942 INFO c.s.h.Main [main] The created zoo is called International Zoo
2023-12-03 20:59:58,943 INFO c.s.h.Main [main] The ages of the persons squared are: 
2023-12-03 20:59:58,944 INFO c.s.h.Main [main] 576
2023-12-03 20:59:58,944 INFO c.s.h.Main [main] 1024
2023-12-03 20:59:58,945 INFO c.s.h.Main [main] 841
2023-12-03 20:59:58,945 INFO c.s.h.Main [main] 1600
2023-12-03 20:59:58,945 INFO c.s.h.Main [main] 324
2023-12-03 20:59:58,945 INFO c.s.h.Main [main] 441
2023-12-03 20:59:58,945 INFO c.s.h.Main [main] 1024
2023-12-03 20:59:58,946 INFO c.s.h.Main [main] 841
2023-12-03 20:59:58,950 INFO c.s.h.Main [main] This is concatenation
2023-12-03 20:59:58,951 INFO c.s.h.Main [main] The result of the sum is 56.36
2023-12-03 20:59:58,953 INFO c.s.h.Main [main] The created habitat is called Savanna
2023-12-03 20:59:58,955 INFO c.s.h.Main [main] Alvaro
2023-12-03 20:59:58,955 INFO c.s.h.Main [main] Karen
2023-12-03 20:59:58,957 INFO c.s.h.Main [main] John Doe
2023-12-03 20:59:58,957 INFO c.s.h.Main [main] Alvaro Rodriguez
2023-12-03 20:59:58,957 INFO c.s.h.Main [main] Louis Rose
2023-12-03 20:59:58,958 INFO c.s.h.Main [main] Viktor Solis
2023-12-03 20:59:58,965 INFO c.s.h.Main [main] 4 employees earn more than 1700 
2023-12-03 20:59:58,966 INFO c.s.h.Main [main] false
2023-12-03 20:59:58,967 INFO c.s.h.Main [main] Karen
2023-12-03 20:59:58,967 INFO c.s.h.Main [main] 1 female person has a name that starts with K
2023-12-03 20:59:58,969 INFO c.s.h.Main [main] 2000.0
2023-12-03 20:59:58,969 INFO c.s.h.Main [main] 1800.0
2023-12-03 20:59:58,969 INFO c.s.h.Main [main] 2300.0
2023-12-03 20:59:58,971 INFO c.s.h.Main [main] Forest
2023-12-03 20:59:58,971 INFO c.s.h.Main [main] Forest
2023-12-03 20:59:58,973 INFO c.s.h.Main [main] Are all the mexicans over 23 years old? false
2023-12-03 20:59:58,973 INFO c.s.h.Main [main] Fields from the class Person are:
2023-12-03 20:59:58,973 INFO c.s.h.Main [main] Logger LOGGER
2023-12-03 20:59:58,974 INFO c.s.h.Main [main] String id
2023-12-03 20:59:58,974 INFO c.s.h.Main [main] int age
2023-12-03 20:59:58,974 INFO c.s.h.Main [main] String firstName
2023-12-03 20:59:58,975 INFO c.s.h.Main [main] String lastName
2023-12-03 20:59:58,975 INFO c.s.h.Main [main] Gender gender
2023-12-03 20:59:58,975 INFO c.s.h.Main [main] Country country
2023-12-03 20:59:58,975 INFO c.s.h.Main [main] Methods from the class Person
2023-12-03 20:59:58,976 INFO c.s.h.Main [main] public final sleep 
2023-12-03 20:59:58,976 INFO c.s.h.Main [main] public getId 
2023-12-03 20:59:58,976 INFO c.s.h.Main [main] public abstract walk 
2023-12-03 20:59:58,976 INFO c.s.h.Main [main] public getCountry 
2023-12-03 20:59:58,977 INFO c.s.h.Main [main] public setGender 
2023-12-03 20:59:58,977 INFO c.s.h.Main [main] Parameters are: Gender
2023-12-03 20:59:58,977 INFO c.s.h.Main [main] public final breath 
2023-12-03 20:59:58,977 INFO c.s.h.Main [main] public final eat 
2023-12-03 20:59:58,978 INFO c.s.h.Main [main] public setAge 
2023-12-03 20:59:58,978 INFO c.s.h.Main [main] Parameters are: int
2023-12-03 20:59:58,978 INFO c.s.h.Main [main] public getAge 
2023-12-03 20:59:58,979 INFO c.s.h.Main [main] public getGender 
2023-12-03 20:59:58,979 INFO c.s.h.Main [main] public getFirstName 
2023-12-03 20:59:58,979 INFO c.s.h.Main [main] public getLastName 
2023-12-03 20:59:58,979 INFO c.s.h.Main [main] public setId 
2023-12-03 20:59:58,979 INFO c.s.h.Main [main] Parameters are: String
2023-12-03 20:59:58,979 INFO c.s.h.Main [main] public setFirstName 
2023-12-03 20:59:58,979 INFO c.s.h.Main [main] Parameters are: String
2023-12-03 20:59:58,979 INFO c.s.h.Main [main] public setLastName 
2023-12-03 20:59:58,979 INFO c.s.h.Main [main] Parameters are: String
2023-12-03 20:59:58,980 INFO c.s.h.Main [main] public setCountry 
2023-12-03 20:59:58,980 INFO c.s.h.Main [main] Parameters are: Country
