2023-12-03 21:15:22,878 INFO c.s.h.m.Zoo [main] The capacity of the zoo is of 50 customers
2023-12-03 21:15:22,880 INFO c.s.h.m.Employee [main] I can walk down the streets from the Zoo and also enter to only-employees rooms.
2023-12-03 21:15:22,881 INFO c.s.h.m.Employee [main] I can walk down the streets from the Zoo and also enter to only-employees rooms.
2023-12-03 21:15:22,881 INFO c.s.h.m.Employee [main] I can walk down the streets from the Zoo and also enter to only-employees rooms.
2023-12-03 21:15:22,881 INFO c.s.h.m.Customer [main] I can walk down the streets from the Zoo!
2023-12-03 21:15:22,882 INFO c.s.h.m.Customer [main] I can walk down the streets from the Zoo!
2023-12-03 21:15:22,882 INFO c.s.h.m.Employee [main] I can walk down the streets from the Zoo and also enter to only-employees rooms.
2023-12-03 21:15:22,882 INFO c.s.h.m.Employee [main] I can walk down the streets from the Zoo and also enter to only-employees rooms.
2023-12-03 21:15:22,883 INFO c.s.h.m.Employee [main] I can walk down the streets from the Zoo and also enter to only-employees rooms.
2023-12-03 21:15:22,883 INFO c.s.h.m.Person [main] I sleep in a bed, during the night!
2023-12-03 21:15:22,883 INFO c.s.h.m.Person [main] I sleep in a bed, during the night!
2023-12-03 21:15:22,884 INFO c.s.h.m.Bird [main] I like sleeping in branches from trees!
2023-12-03 21:15:22,884 INFO c.s.h.m.Bird [main] I like sleeping in branches from trees!
2023-12-03 21:15:22,884 INFO c.s.h.m.Person [main] I sleep in a bed, during the night!
2023-12-03 21:15:22,885 INFO c.s.h.Main [main] There are 4 Animals
2023-12-03 21:15:22,897 INFO c.s.h.Main [main] Insert two integer numbers
2023-12-03 21:15:22,897 INFO c.s.h.Main [main] The result of the sum is 12
2023-12-03 21:15:22,898 ERROR c.s.h.Main [main] Age cannot be negative
com.solvd.homework11.exceptions.NegativeValueException: Age cannot be negative
	at com.solvd.homework11.models.Person.setAge(Person.java:49) ~[classes/:?]
	at com.solvd.homework11.Main.main(Main.java:136) [classes/:?]
2023-12-03 21:15:22,908 INFO c.s.h.Main [main] Current age of Louis is 40
2023-12-03 21:15:22,928 INFO c.s.h.Main [main] There are 50 unique words.
2023-12-03 21:15:22,931 INFO c.s.h.Main [main] The employees over 25 years old are: 
2023-12-03 21:15:22,931 INFO c.s.h.Main [main] Alvaro Rodriguez
2023-12-03 21:15:22,932 INFO c.s.h.Main [main] Karen Lopez
2023-12-03 21:15:22,934 INFO c.s.h.Main [main] The person's ages are: 
2023-12-03 21:15:22,937 INFO c.s.h.Main [main] 24
2023-12-03 21:15:22,937 INFO c.s.h.Main [main] 32
2023-12-03 21:15:22,937 INFO c.s.h.Main [main] 29
2023-12-03 21:15:22,938 INFO c.s.h.Main [main] 40
2023-12-03 21:15:22,938 INFO c.s.h.Main [main] 18
2023-12-03 21:15:22,938 INFO c.s.h.Main [main] 21
2023-12-03 21:15:22,938 INFO c.s.h.Main [main] 32
2023-12-03 21:15:22,938 INFO c.s.h.Main [main] 29
2023-12-03 21:15:22,939 INFO c.s.h.Main [main] The created zoo is called International Zoo
2023-12-03 21:15:22,939 INFO c.s.h.Main [main] The ages of the persons squared are: 
2023-12-03 21:15:22,940 INFO c.s.h.Main [main] 576
2023-12-03 21:15:22,940 INFO c.s.h.Main [main] 1024
2023-12-03 21:15:22,940 INFO c.s.h.Main [main] 841
2023-12-03 21:15:22,940 INFO c.s.h.Main [main] 1600
2023-12-03 21:15:22,941 INFO c.s.h.Main [main] 324
2023-12-03 21:15:22,941 INFO c.s.h.Main [main] 441
2023-12-03 21:15:22,941 INFO c.s.h.Main [main] 1024
2023-12-03 21:15:22,941 INFO c.s.h.Main [main] 841
2023-12-03 21:15:22,946 INFO c.s.h.Main [main] This is concatenation
2023-12-03 21:15:22,947 INFO c.s.h.Main [main] The result of the sum is 56.36
2023-12-03 21:15:22,948 INFO c.s.h.Main [main] The created habitat is called Savanna
2023-12-03 21:15:22,949 INFO c.s.h.Main [main] Alvaro
2023-12-03 21:15:22,949 INFO c.s.h.Main [main] Karen
2023-12-03 21:15:22,951 INFO c.s.h.Main [main] John Doe
2023-12-03 21:15:22,951 INFO c.s.h.Main [main] Alvaro Rodriguez
2023-12-03 21:15:22,951 INFO c.s.h.Main [main] Louis Rose
2023-12-03 21:15:22,951 INFO c.s.h.Main [main] Viktor Solis
2023-12-03 21:15:22,953 INFO c.s.h.Main [main] 4 employees earn more than 1700 
2023-12-03 21:15:22,956 INFO c.s.h.Main [main] false
2023-12-03 21:15:22,957 INFO c.s.h.Main [main] Karen
2023-12-03 21:15:22,958 INFO c.s.h.Main [main] 1 female person has a name that starts with K
2023-12-03 21:15:22,964 INFO c.s.h.Main [main] 2000.0
2023-12-03 21:15:22,964 INFO c.s.h.Main [main] 1800.0
2023-12-03 21:15:22,964 INFO c.s.h.Main [main] 2300.0
2023-12-03 21:15:22,966 INFO c.s.h.Main [main] Forest
2023-12-03 21:15:22,966 INFO c.s.h.Main [main] Forest
2023-12-03 21:15:22,967 INFO c.s.h.Main [main] Are all the mexicans over 23 years old? false
2023-12-03 21:15:22,968 INFO c.s.h.Main [main] Fields from the class Person are:
2023-12-03 21:15:22,968 INFO c.s.h.Main [main] Logger LOGGER
2023-12-03 21:15:22,968 INFO c.s.h.Main [main] String id
2023-12-03 21:15:22,969 INFO c.s.h.Main [main] int age
2023-12-03 21:15:22,970 INFO c.s.h.Main [main] String firstName
2023-12-03 21:15:22,970 INFO c.s.h.Main [main] String lastName
2023-12-03 21:15:22,970 INFO c.s.h.Main [main] Gender gender
2023-12-03 21:15:22,970 INFO c.s.h.Main [main] Country country
2023-12-03 21:15:22,970 INFO c.s.h.Main [main] The constructors from the class Person are:
2023-12-03 21:15:22,972 INFO c.s.h.Main [main] Name of constructor: com.solvd.homework11.models.Person
2023-12-03 21:15:22,973 INFO c.s.h.Main [main] String
2023-12-03 21:15:22,973 INFO c.s.h.Main [main] int
2023-12-03 21:15:22,973 INFO c.s.h.Main [main] String
2023-12-03 21:15:22,974 INFO c.s.h.Main [main] String
2023-12-03 21:15:22,974 INFO c.s.h.Main [main] Gender
2023-12-03 21:15:22,975 INFO c.s.h.Main [main] Country
2023-12-03 21:15:22,976 INFO c.s.h.Main [main] Methods from the class Person are:
2023-12-03 21:15:22,984 INFO c.s.h.Main [main] public final void sleep 
2023-12-03 21:15:22,985 INFO c.s.h.Main [main] public String getId 
2023-12-03 21:15:22,988 INFO c.s.h.Main [main] public abstract void walk 
2023-12-03 21:15:22,988 INFO c.s.h.Main [main] public Country getCountry 
2023-12-03 21:15:22,988 INFO c.s.h.Main [main] public void setGender  - The parameters are of type: Gender 
2023-12-03 21:15:22,988 INFO c.s.h.Main [main] public final void breath 
2023-12-03 21:15:22,988 INFO c.s.h.Main [main] public final void eat 
2023-12-03 21:15:22,989 INFO c.s.h.Main [main] public void setAge  - The parameters are of type: int 
2023-12-03 21:15:22,989 INFO c.s.h.Main [main] public int getAge 
2023-12-03 21:15:22,990 INFO c.s.h.Main [main] public Gender getGender 
2023-12-03 21:15:22,990 INFO c.s.h.Main [main] public String getFirstName 
2023-12-03 21:15:22,990 INFO c.s.h.Main [main] public String getLastName 
2023-12-03 21:15:22,990 INFO c.s.h.Main [main] public void setId  - The parameters are of type: String 
2023-12-03 21:15:22,991 INFO c.s.h.Main [main] public void setFirstName  - The parameters are of type: String 
2023-12-03 21:15:22,991 INFO c.s.h.Main [main] public void setLastName  - The parameters are of type: String 
2023-12-03 21:15:22,991 INFO c.s.h.Main [main] public void setCountry  - The parameters are of type: Country 
