2023-12-06 18:41:42,888 INFO c.s.h.m.Zoo [main] The capacity of the zoo is of 50 customers
2023-12-06 18:41:42,892 INFO c.s.h.m.Employee [main] I can walk down the streets from the Zoo and also enter to only-employees rooms.
2023-12-06 18:41:42,892 INFO c.s.h.m.Employee [main] I can walk down the streets from the Zoo and also enter to only-employees rooms.
2023-12-06 18:41:42,893 INFO c.s.h.m.Employee [main] I can walk down the streets from the Zoo and also enter to only-employees rooms.
2023-12-06 18:41:42,893 INFO c.s.h.m.Customer [main] I can walk down the streets from the Zoo!
2023-12-06 18:41:42,894 INFO c.s.h.m.Customer [main] I can walk down the streets from the Zoo!
2023-12-06 18:41:42,895 INFO c.s.h.m.Employee [main] I can walk down the streets from the Zoo and also enter to only-employees rooms.
2023-12-06 18:41:42,896 INFO c.s.h.m.Employee [main] I can walk down the streets from the Zoo and also enter to only-employees rooms.
2023-12-06 18:41:42,896 INFO c.s.h.m.Employee [main] I can walk down the streets from the Zoo and also enter to only-employees rooms.
2023-12-06 18:41:42,897 INFO c.s.h.m.Person [main] I sleep in a bed, during the night!
2023-12-06 18:41:42,897 INFO c.s.h.m.Person [main] I sleep in a bed, during the night!
2023-12-06 18:41:42,897 INFO c.s.h.m.Bird [main] I like sleeping in branches from trees!
2023-12-06 18:41:42,898 INFO c.s.h.m.Bird [main] I like sleeping in branches from trees!
2023-12-06 18:41:42,898 INFO c.s.h.m.Person [main] I sleep in a bed, during the night!
2023-12-06 18:41:42,900 INFO c.s.h.Main [main] There are 4 Animals
2023-12-06 18:41:42,903 INFO c.s.h.Main [main] Insert two integer numbers
2023-12-06 18:41:42,903 INFO c.s.h.Main [main] The result of the sum is 12
2023-12-06 18:41:42,904 ERROR c.s.h.Main [main] Age cannot be negative
com.solvd.homework11.exceptions.NegativeValueException: Age cannot be negative
	at com.solvd.homework11.models.Person.setAge(Person.java:49) ~[classes/:?]
	at com.solvd.homework11.Main.main(Main.java:143) [classes/:?]
2023-12-06 18:41:42,918 INFO c.s.h.Main [main] Current age of Louis is 40
2023-12-06 18:41:42,935 INFO c.s.h.Main [main] There are 50 unique words.
2023-12-06 18:41:42,937 INFO c.s.h.Main [main] The employees over 25 years old are: 
2023-12-06 18:41:42,938 INFO c.s.h.Main [main] Alvaro Rodriguez
2023-12-06 18:41:42,939 INFO c.s.h.Main [main] Karen Lopez
2023-12-06 18:41:42,939 INFO c.s.h.Main [main] The person's ages are: 
2023-12-06 18:41:42,940 INFO c.s.h.Main [main] 24
2023-12-06 18:41:42,940 INFO c.s.h.Main [main] 32
2023-12-06 18:41:42,940 INFO c.s.h.Main [main] 29
2023-12-06 18:41:42,940 INFO c.s.h.Main [main] 40
2023-12-06 18:41:42,941 INFO c.s.h.Main [main] 18
2023-12-06 18:41:42,941 INFO c.s.h.Main [main] 21
2023-12-06 18:41:42,941 INFO c.s.h.Main [main] 32
2023-12-06 18:41:42,941 INFO c.s.h.Main [main] 29
2023-12-06 18:41:42,942 INFO c.s.h.Main [main] The created zoo is called International Zoo
2023-12-06 18:41:42,942 INFO c.s.h.Main [main] The ages of the persons squared are: 
2023-12-06 18:41:42,943 INFO c.s.h.Main [main] 576
2023-12-06 18:41:42,944 INFO c.s.h.Main [main] 1024
2023-12-06 18:41:42,944 INFO c.s.h.Main [main] 841
2023-12-06 18:41:42,944 INFO c.s.h.Main [main] 1600
2023-12-06 18:41:42,944 INFO c.s.h.Main [main] 324
2023-12-06 18:41:42,944 INFO c.s.h.Main [main] 441
2023-12-06 18:41:42,945 INFO c.s.h.Main [main] 1024
2023-12-06 18:41:42,945 INFO c.s.h.Main [main] 841
2023-12-06 18:41:42,954 INFO c.s.h.Main [main] This is concatenation
2023-12-06 18:41:42,955 INFO c.s.h.Main [main] The result of the sum is 56.36
2023-12-06 18:41:42,956 INFO c.s.h.Main [main] The created habitat is called Savanna
2023-12-06 18:41:42,957 INFO c.s.h.Main [main] Alvaro
2023-12-06 18:41:42,957 INFO c.s.h.Main [main] Karen
2023-12-06 18:41:42,959 INFO c.s.h.Main [main] John Doe
2023-12-06 18:41:42,960 INFO c.s.h.Main [main] Alvaro Rodriguez
2023-12-06 18:41:42,960 INFO c.s.h.Main [main] Louis Rose
2023-12-06 18:41:42,960 INFO c.s.h.Main [main] Viktor Solis
2023-12-06 18:41:42,963 INFO c.s.h.Main [main] 4 employees earn more than 1700 
2023-12-06 18:41:42,964 INFO c.s.h.Main [main] false
2023-12-06 18:41:42,966 INFO c.s.h.Main [main] Karen
2023-12-06 18:41:42,966 INFO c.s.h.Main [main] 1 female person has a name that starts with K
2023-12-06 18:41:42,968 INFO c.s.h.Main [main] 2000.0
2023-12-06 18:41:42,968 INFO c.s.h.Main [main] 1800.0
2023-12-06 18:41:42,968 INFO c.s.h.Main [main] 2300.0
2023-12-06 18:41:42,969 INFO c.s.h.Main [main] Forest
2023-12-06 18:41:42,969 INFO c.s.h.Main [main] Forest
2023-12-06 18:41:42,970 INFO c.s.h.Main [main] Are all the mexicans over 23 years old? false
2023-12-06 18:41:42,970 INFO c.s.h.Main [main] Fields from the class Person are:
2023-12-06 18:41:42,971 INFO c.s.h.Main [main] Logger LOGGER
2023-12-06 18:41:42,971 INFO c.s.h.Main [main] String id
2023-12-06 18:41:42,971 INFO c.s.h.Main [main] int age
2023-12-06 18:41:42,971 INFO c.s.h.Main [main] String firstName
2023-12-06 18:41:42,971 INFO c.s.h.Main [main] String lastName
2023-12-06 18:41:42,971 INFO c.s.h.Main [main] Gender gender
2023-12-06 18:41:42,972 INFO c.s.h.Main [main] Country country
2023-12-06 18:41:42,972 INFO c.s.h.Main [main] The constructors from the class Person are:
2023-12-06 18:41:42,972 INFO c.s.h.Main [main] Name of constructor: com.solvd.homework11.models.Person and the paremeter's types are:String int String String Gender Country
2023-12-06 18:41:42,973 INFO c.s.h.Main [main] Methods from the class Person are:
2023-12-06 18:41:42,975 INFO c.s.h.Main [main] public final void sleep 
2023-12-06 18:41:42,976 INFO c.s.h.Main [main] public String getId 
2023-12-06 18:41:42,976 INFO c.s.h.Main [main] public abstract void walk 
2023-12-06 18:41:42,976 INFO c.s.h.Main [main] public Country getCountry 
2023-12-06 18:41:42,976 INFO c.s.h.Main [main] public void setGender  - The parameters are of type: Gender 
2023-12-06 18:41:42,976 INFO c.s.h.Main [main] public final void breath 
2023-12-06 18:41:42,977 INFO c.s.h.Main [main] public final void eat 
2023-12-06 18:41:42,977 INFO c.s.h.Main [main] public void setAge  - The parameters are of type: int 
2023-12-06 18:41:42,977 INFO c.s.h.Main [main] public int getAge 
2023-12-06 18:41:42,977 INFO c.s.h.Main [main] public Gender getGender 
2023-12-06 18:41:42,977 INFO c.s.h.Main [main] public String getFirstName 
2023-12-06 18:41:42,977 INFO c.s.h.Main [main] public String getLastName 
2023-12-06 18:41:42,978 INFO c.s.h.Main [main] public void setId  - The parameters are of type: String 
2023-12-06 18:41:42,978 INFO c.s.h.Main [main] public void setFirstName  - The parameters are of type: String 
2023-12-06 18:41:42,978 INFO c.s.h.Main [main] public void setLastName  - The parameters are of type: String 
2023-12-06 18:41:42,978 INFO c.s.h.Main [main] public void setCountry  - The parameters are of type: Country 
2023-12-06 18:41:42,983 INFO c.s.h.m.Bird [main] I like sleeping in branches from trees!
2023-12-06 18:41:42,988 INFO c.s.h.t.MyThread [Thread-0] Thread Thread-0 running
2023-12-06 18:41:42,989 INFO c.s.h.Main [Thread-1] Thread Thread-1 running
2023-12-06 18:41:43,000 INFO c.s.h.u.ConnectionPool [pool-2-thread-6] pool-2-thread-6 is waiting...
2023-12-06 18:41:43,001 INFO c.s.h.u.ConnectionPool [pool-2-thread-7] pool-2-thread-7 is waiting...
