2023-12-06 19:00:28,004 INFO c.s.h.m.Zoo [main] The capacity of the zoo is of 50 customers
2023-12-06 19:00:28,006 INFO c.s.h.m.Employee [main] I can walk down the streets from the Zoo and also enter to only-employees rooms.
2023-12-06 19:00:28,007 INFO c.s.h.m.Employee [main] I can walk down the streets from the Zoo and also enter to only-employees rooms.
2023-12-06 19:00:28,007 INFO c.s.h.m.Employee [main] I can walk down the streets from the Zoo and also enter to only-employees rooms.
2023-12-06 19:00:28,007 INFO c.s.h.m.Customer [main] I can walk down the streets from the Zoo!
2023-12-06 19:00:28,007 INFO c.s.h.m.Customer [main] I can walk down the streets from the Zoo!
2023-12-06 19:00:28,007 INFO c.s.h.m.Employee [main] I can walk down the streets from the Zoo and also enter to only-employees rooms.
2023-12-06 19:00:28,008 INFO c.s.h.m.Employee [main] I can walk down the streets from the Zoo and also enter to only-employees rooms.
2023-12-06 19:00:28,008 INFO c.s.h.m.Employee [main] I can walk down the streets from the Zoo and also enter to only-employees rooms.
2023-12-06 19:00:28,009 INFO c.s.h.m.Person [main] I sleep in a bed, during the night!
2023-12-06 19:00:28,009 INFO c.s.h.m.Person [main] I sleep in a bed, during the night!
2023-12-06 19:00:28,009 INFO c.s.h.m.Bird [main] I like sleeping in branches from trees!
2023-12-06 19:00:28,009 INFO c.s.h.m.Bird [main] I like sleeping in branches from trees!
2023-12-06 19:00:28,010 INFO c.s.h.m.Person [main] I sleep in a bed, during the night!
2023-12-06 19:00:28,010 INFO c.s.h.Main [main] There are 4 Animals
2023-12-06 19:00:28,013 INFO c.s.h.Main [main] Insert two integer numbers
2023-12-06 19:00:28,013 INFO c.s.h.Main [main] The result of the sum is 12
2023-12-06 19:00:28,013 ERROR c.s.h.Main [main] Age cannot be negative
com.solvd.homework11.exceptions.NegativeValueException: Age cannot be negative
	at com.solvd.homework11.models.Person.setAge(Person.java:49) ~[classes/:?]
	at com.solvd.homework11.Main.main(Main.java:144) [classes/:?]
2023-12-06 19:00:28,021 INFO c.s.h.Main [main] Current age of Louis is 40
2023-12-06 19:00:28,041 INFO c.s.h.Main [main] There are 50 unique words.
2023-12-06 19:00:28,045 INFO c.s.h.Main [main] The employees over 25 years old are: 
2023-12-06 19:00:28,048 INFO c.s.h.Main [main] Alvaro Rodriguez
2023-12-06 19:00:28,049 INFO c.s.h.Main [main] Karen Lopez
2023-12-06 19:00:28,049 INFO c.s.h.Main [main] The person's ages are: 
2023-12-06 19:00:28,050 INFO c.s.h.Main [main] 24
2023-12-06 19:00:28,051 INFO c.s.h.Main [main] 32
2023-12-06 19:00:28,051 INFO c.s.h.Main [main] 29
2023-12-06 19:00:28,051 INFO c.s.h.Main [main] 40
2023-12-06 19:00:28,052 INFO c.s.h.Main [main] 18
2023-12-06 19:00:28,053 INFO c.s.h.Main [main] 21
2023-12-06 19:00:28,053 INFO c.s.h.Main [main] 32
2023-12-06 19:00:28,053 INFO c.s.h.Main [main] 29
2023-12-06 19:00:28,054 INFO c.s.h.Main [main] The created zoo is called International Zoo
2023-12-06 19:00:28,055 INFO c.s.h.Main [main] The ages of the persons squared are: 
2023-12-06 19:00:28,055 INFO c.s.h.Main [main] 576
2023-12-06 19:00:28,055 INFO c.s.h.Main [main] 1024
2023-12-06 19:00:28,056 INFO c.s.h.Main [main] 841
2023-12-06 19:00:28,057 INFO c.s.h.Main [main] 1600
2023-12-06 19:00:28,057 INFO c.s.h.Main [main] 324
2023-12-06 19:00:28,057 INFO c.s.h.Main [main] 441
2023-12-06 19:00:28,058 INFO c.s.h.Main [main] 1024
2023-12-06 19:00:28,058 INFO c.s.h.Main [main] 841
2023-12-06 19:00:28,062 INFO c.s.h.Main [main] This is concatenation
2023-12-06 19:00:28,063 INFO c.s.h.Main [main] The result of the sum is 56.36
2023-12-06 19:00:28,064 INFO c.s.h.Main [main] The created habitat is called Savanna
2023-12-06 19:00:28,065 INFO c.s.h.Main [main] Alvaro
2023-12-06 19:00:28,065 INFO c.s.h.Main [main] Karen
2023-12-06 19:00:28,067 INFO c.s.h.Main [main] John Doe
2023-12-06 19:00:28,067 INFO c.s.h.Main [main] Alvaro Rodriguez
2023-12-06 19:00:28,067 INFO c.s.h.Main [main] Louis Rose
2023-12-06 19:00:28,067 INFO c.s.h.Main [main] Viktor Solis
2023-12-06 19:00:28,069 INFO c.s.h.Main [main] 4 employees earn more than 1700 
2023-12-06 19:00:28,070 INFO c.s.h.Main [main] false
2023-12-06 19:00:28,071 INFO c.s.h.Main [main] Karen
2023-12-06 19:00:28,071 INFO c.s.h.Main [main] 1 female person has a name that starts with K
2023-12-06 19:00:28,072 INFO c.s.h.Main [main] 2000.0
2023-12-06 19:00:28,073 INFO c.s.h.Main [main] 1800.0
2023-12-06 19:00:28,073 INFO c.s.h.Main [main] 2300.0
2023-12-06 19:00:28,074 INFO c.s.h.Main [main] Forest
2023-12-06 19:00:28,074 INFO c.s.h.Main [main] Forest
2023-12-06 19:00:28,074 INFO c.s.h.Main [main] Are all the mexicans over 23 years old? false
2023-12-06 19:00:28,075 INFO c.s.h.Main [main] Fields from the class Person are:
2023-12-06 19:00:28,075 INFO c.s.h.Main [main] Logger LOGGER
2023-12-06 19:00:28,075 INFO c.s.h.Main [main] String id
2023-12-06 19:00:28,076 INFO c.s.h.Main [main] int age
2023-12-06 19:00:28,076 INFO c.s.h.Main [main] String firstName
2023-12-06 19:00:28,076 INFO c.s.h.Main [main] String lastName
2023-12-06 19:00:28,076 INFO c.s.h.Main [main] Gender gender
2023-12-06 19:00:28,076 INFO c.s.h.Main [main] Country country
2023-12-06 19:00:28,077 INFO c.s.h.Main [main] The constructors from the class Person are:
2023-12-06 19:00:28,077 INFO c.s.h.Main [main] Name of constructor: com.solvd.homework11.models.Person and the paremeter's types are:String int String String Gender Country
2023-12-06 19:00:28,077 INFO c.s.h.Main [main] Methods from the class Person are:
2023-12-06 19:00:28,082 INFO c.s.h.Main [main] public final void sleep 
2023-12-06 19:00:28,082 INFO c.s.h.Main [main] public String getId 
2023-12-06 19:00:28,082 INFO c.s.h.Main [main] public abstract void walk 
2023-12-06 19:00:28,082 INFO c.s.h.Main [main] public Country getCountry 
2023-12-06 19:00:28,082 INFO c.s.h.Main [main] public void setGender  - The parameters are of type: Gender 
2023-12-06 19:00:28,083 INFO c.s.h.Main [main] public final void breath 
2023-12-06 19:00:28,083 INFO c.s.h.Main [main] public final void eat 
2023-12-06 19:00:28,083 INFO c.s.h.Main [main] public void setAge  - The parameters are of type: int 
2023-12-06 19:00:28,083 INFO c.s.h.Main [main] public int getAge 
2023-12-06 19:00:28,083 INFO c.s.h.Main [main] public Gender getGender 
2023-12-06 19:00:28,083 INFO c.s.h.Main [main] public String getFirstName 
2023-12-06 19:00:28,084 INFO c.s.h.Main [main] public String getLastName 
2023-12-06 19:00:28,084 INFO c.s.h.Main [main] public void setId  - The parameters are of type: String 
2023-12-06 19:00:28,084 INFO c.s.h.Main [main] public void setFirstName  - The parameters are of type: String 
2023-12-06 19:00:28,084 INFO c.s.h.Main [main] public void setLastName  - The parameters are of type: String 
2023-12-06 19:00:28,085 INFO c.s.h.Main [main] public void setCountry  - The parameters are of type: Country 
2023-12-06 19:00:28,091 INFO c.s.h.m.Bird [main] I like sleeping in branches from trees!
2023-12-06 19:00:28,094 INFO c.s.h.t.MyThread [Thread-0] Thread Thread-0 running
2023-12-06 19:00:28,096 INFO c.s.h.Main [Thread-1] Thread Thread-1 running
2023-12-06 19:00:28,098 INFO c.s.h.u.ConnectionPool [pool-2-thread-2] pool-2-thread-2 could get the connection
2023-12-06 19:00:28,105 INFO c.s.h.u.ConnectionPool [pool-2-thread-7] pool-2-thread-7 could get the connection
2023-12-06 19:00:28,106 INFO c.s.h.u.ConnectionPool [pool-2-thread-1] pool-2-thread-1 could get the connection
2023-12-06 19:00:28,106 INFO c.s.h.u.ConnectionPool [pool-2-thread-6] pool-2-thread-6 could get the connection
2023-12-06 19:00:28,107 INFO c.s.h.u.ConnectionPool [pool-2-thread-4] pool-2-thread-4 could get the connection
2023-12-06 19:00:28,107 INFO c.s.h.u.ConnectionPool [pool-2-thread-5] pool-2-thread-5 is waiting...
2023-12-06 19:00:28,108 INFO c.s.h.u.ConnectionPool [pool-2-thread-3] pool-2-thread-3 is waiting...
2023-12-06 19:00:32,105 INFO c.s.h.u.ConnectionPool [pool-2-thread-5] pool-2-thread-5 could get the connection
2023-12-06 19:00:32,107 INFO c.s.h.u.ConnectionPool [pool-2-thread-3] pool-2-thread-3 could get the connection
