2023-12-03 19:18:36,671 INFO c.s.h.m.Zoo [main] The capacity of the zoo is of 50 customers
2023-12-03 19:18:36,676 INFO c.s.h.m.Employee [main] I can walk down the streets from the Zoo and also enter to only-employees rooms.
2023-12-03 19:18:36,676 INFO c.s.h.m.Employee [main] I can walk down the streets from the Zoo and also enter to only-employees rooms.
2023-12-03 19:18:36,677 INFO c.s.h.m.Employee [main] I can walk down the streets from the Zoo and also enter to only-employees rooms.
2023-12-03 19:18:36,678 INFO c.s.h.m.Customer [main] I can walk down the streets from the Zoo!
2023-12-03 19:18:36,678 INFO c.s.h.m.Customer [main] I can walk down the streets from the Zoo!
2023-12-03 19:18:36,679 INFO c.s.h.m.Employee [main] I can walk down the streets from the Zoo and also enter to only-employees rooms.
2023-12-03 19:18:36,679 INFO c.s.h.m.Employee [main] I can walk down the streets from the Zoo and also enter to only-employees rooms.
2023-12-03 19:18:36,680 INFO c.s.h.m.Employee [main] I can walk down the streets from the Zoo and also enter to only-employees rooms.
2023-12-03 19:18:36,681 INFO c.s.h.m.Person [main] I sleep in a bed, during the night!
2023-12-03 19:18:36,681 INFO c.s.h.m.Person [main] I sleep in a bed, during the night!
2023-12-03 19:18:36,683 INFO c.s.h.m.Bird [main] I like sleeping in branches from trees!
2023-12-03 19:18:36,686 INFO c.s.h.m.Bird [main] I like sleeping in branches from trees!
2023-12-03 19:18:36,686 INFO c.s.h.m.Person [main] I sleep in a bed, during the night!
2023-12-03 19:18:36,688 INFO c.s.h.Main [main] There are 4 Animals
2023-12-03 19:18:36,691 INFO c.s.h.Main [main] Insert two integer numbers
2023-12-03 19:18:36,692 INFO c.s.h.Main [main] The result of the sum is 12
2023-12-03 19:18:36,693 ERROR c.s.h.Main [main] Age cannot be negative
com.solvd.homework11.exceptions.NegativeValueException: Age cannot be negative
	at com.solvd.homework11.models.Person.setAge(Person.java:49) ~[classes/:?]
	at com.solvd.homework11.Main.main(Main.java:135) [classes/:?]
2023-12-03 19:18:36,724 INFO c.s.h.Main [main] Current age of Louis is 40
2023-12-03 19:18:36,749 INFO c.s.h.Main [main] There are 50 unique words.
2023-12-03 19:18:36,752 INFO c.s.h.Main [main] The employees over 25 years old are: 
2023-12-03 19:18:36,755 INFO c.s.h.Main [main] Alvaro Rodriguez
2023-12-03 19:18:36,756 INFO c.s.h.Main [main] Karen Lopez
2023-12-03 19:18:36,757 INFO c.s.h.Main [main] The person's ages are: 
2023-12-03 19:18:36,758 INFO c.s.h.Main [main] 24
2023-12-03 19:18:36,758 INFO c.s.h.Main [main] 32
2023-12-03 19:18:36,758 INFO c.s.h.Main [main] 29
2023-12-03 19:18:36,759 INFO c.s.h.Main [main] 40
2023-12-03 19:18:36,759 INFO c.s.h.Main [main] 18
2023-12-03 19:18:36,760 INFO c.s.h.Main [main] 21
2023-12-03 19:18:36,760 INFO c.s.h.Main [main] 32
2023-12-03 19:18:36,760 INFO c.s.h.Main [main] 29
2023-12-03 19:18:36,761 INFO c.s.h.Main [main] The created zoo is called International Zoo
2023-12-03 19:18:36,764 INFO c.s.h.Main [main] The ages of the persons squared are: 
2023-12-03 19:18:36,764 INFO c.s.h.Main [main] 576
2023-12-03 19:18:36,764 INFO c.s.h.Main [main] 1024
2023-12-03 19:18:36,764 INFO c.s.h.Main [main] 841
2023-12-03 19:18:36,765 INFO c.s.h.Main [main] 1600
2023-12-03 19:18:36,765 INFO c.s.h.Main [main] 324
2023-12-03 19:18:36,765 INFO c.s.h.Main [main] 441
2023-12-03 19:18:36,765 INFO c.s.h.Main [main] 1024
2023-12-03 19:18:36,765 INFO c.s.h.Main [main] 841
2023-12-03 19:18:36,768 INFO c.s.h.Main [main] This is concatenation
2023-12-03 19:18:36,773 INFO c.s.h.Main [main] The result of the sum is 56.36
2023-12-03 19:18:36,774 INFO c.s.h.Main [main] The created habitat is called Savanna
2023-12-03 19:18:36,775 INFO c.s.h.Main [main] Alvaro
2023-12-03 19:18:36,776 INFO c.s.h.Main [main] Karen
2023-12-03 19:18:36,777 INFO c.s.h.Main [main] John Doe
2023-12-03 19:18:36,777 INFO c.s.h.Main [main] Alvaro Rodriguez
2023-12-03 19:18:36,777 INFO c.s.h.Main [main] Louis Rose
2023-12-03 19:18:36,778 INFO c.s.h.Main [main] Viktor Solis
2023-12-03 19:18:36,780 INFO c.s.h.Main [main] 4 employees earn more than 1700 
2023-12-03 19:18:36,782 INFO c.s.h.Main [main] false
2023-12-03 19:18:36,783 INFO c.s.h.Main [main] Karen
2023-12-03 19:18:36,783 INFO c.s.h.Main [main] 1 female person has a name that starts with K
2023-12-03 19:18:36,784 INFO c.s.h.Main [main] 2000.0
2023-12-03 19:18:36,784 INFO c.s.h.Main [main] 1800.0
2023-12-03 19:18:36,785 INFO c.s.h.Main [main] 2300.0
2023-12-03 19:18:36,785 INFO c.s.h.Main [main] Forest
2023-12-03 19:18:36,786 INFO c.s.h.Main [main] Forest
2023-12-03 19:18:36,786 INFO c.s.h.Main [main] Are all the mexicans over 23 years old?false
