2023-12-05 18:45:22,836 INFO c.s.h.m.Zoo [main] The capacity of the zoo is of 50 customers
2023-12-05 18:45:22,839 INFO c.s.h.m.Employee [main] I can walk down the streets from the Zoo and also enter to only-employees rooms.
2023-12-05 18:45:22,839 INFO c.s.h.m.Employee [main] I can walk down the streets from the Zoo and also enter to only-employees rooms.
2023-12-05 18:45:22,840 INFO c.s.h.m.Employee [main] I can walk down the streets from the Zoo and also enter to only-employees rooms.
2023-12-05 18:45:22,840 INFO c.s.h.m.Customer [main] I can walk down the streets from the Zoo!
2023-12-05 18:45:22,840 INFO c.s.h.m.Customer [main] I can walk down the streets from the Zoo!
2023-12-05 18:45:22,841 INFO c.s.h.m.Employee [main] I can walk down the streets from the Zoo and also enter to only-employees rooms.
2023-12-05 18:45:22,841 INFO c.s.h.m.Employee [main] I can walk down the streets from the Zoo and also enter to only-employees rooms.
2023-12-05 18:45:22,842 INFO c.s.h.m.Employee [main] I can walk down the streets from the Zoo and also enter to only-employees rooms.
2023-12-05 18:45:22,843 INFO c.s.h.m.Person [main] I sleep in a bed, during the night!
2023-12-05 18:45:22,844 INFO c.s.h.m.Person [main] I sleep in a bed, during the night!
2023-12-05 18:45:22,845 INFO c.s.h.m.Bird [main] I like sleeping in branches from trees!
2023-12-05 18:45:22,845 INFO c.s.h.m.Bird [main] I like sleeping in branches from trees!
2023-12-05 18:45:22,845 INFO c.s.h.m.Person [main] I sleep in a bed, during the night!
2023-12-05 18:45:22,847 INFO c.s.h.Main [main] There are 4 Animals
2023-12-05 18:45:22,850 INFO c.s.h.Main [main] Insert two integer numbers
2023-12-05 18:45:22,850 INFO c.s.h.Main [main] The result of the sum is 12
2023-12-05 18:45:22,851 ERROR c.s.h.Main [main] Age cannot be negative
com.solvd.homework11.exceptions.NegativeValueException: Age cannot be negative
	at com.solvd.homework11.models.Person.setAge(Person.java:49) ~[classes/:?]
	at com.solvd.homework11.Main.main(Main.java:137) [classes/:?]
2023-12-05 18:45:22,869 INFO c.s.h.Main [main] Current age of Louis is 40
2023-12-05 18:45:22,890 INFO c.s.h.Main [main] There are 50 unique words.
2023-12-05 18:45:22,893 INFO c.s.h.Main [main] The employees over 25 years old are: 
2023-12-05 18:45:22,895 INFO c.s.h.Main [main] Alvaro Rodriguez
2023-12-05 18:45:22,896 INFO c.s.h.Main [main] Karen Lopez
2023-12-05 18:45:22,896 INFO c.s.h.Main [main] The person's ages are: 
2023-12-05 18:45:22,897 INFO c.s.h.Main [main] 24
2023-12-05 18:45:22,898 INFO c.s.h.Main [main] 32
2023-12-05 18:45:22,898 INFO c.s.h.Main [main] 29
2023-12-05 18:45:22,898 INFO c.s.h.Main [main] 40
2023-12-05 18:45:22,899 INFO c.s.h.Main [main] 18
2023-12-05 18:45:22,900 INFO c.s.h.Main [main] 21
2023-12-05 18:45:22,900 INFO c.s.h.Main [main] 32
2023-12-05 18:45:22,900 INFO c.s.h.Main [main] 29
2023-12-05 18:45:22,901 INFO c.s.h.Main [main] The created zoo is called International Zoo
2023-12-05 18:45:22,902 INFO c.s.h.Main [main] The ages of the persons squared are: 
2023-12-05 18:45:22,903 INFO c.s.h.Main [main] 576
2023-12-05 18:45:22,903 INFO c.s.h.Main [main] 1024
2023-12-05 18:45:22,903 INFO c.s.h.Main [main] 841
2023-12-05 18:45:22,904 INFO c.s.h.Main [main] 1600
2023-12-05 18:45:22,904 INFO c.s.h.Main [main] 324
2023-12-05 18:45:22,905 INFO c.s.h.Main [main] 441
2023-12-05 18:45:22,905 INFO c.s.h.Main [main] 1024
2023-12-05 18:45:22,905 INFO c.s.h.Main [main] 841
2023-12-05 18:45:22,911 INFO c.s.h.Main [main] This is concatenation
2023-12-05 18:45:22,912 INFO c.s.h.Main [main] The result of the sum is 56.36
2023-12-05 18:45:22,913 INFO c.s.h.Main [main] The created habitat is called Savanna
2023-12-05 18:45:22,914 INFO c.s.h.Main [main] Alvaro
2023-12-05 18:45:22,914 INFO c.s.h.Main [main] Karen
2023-12-05 18:45:22,915 INFO c.s.h.Main [main] John Doe
2023-12-05 18:45:22,916 INFO c.s.h.Main [main] Alvaro Rodriguez
2023-12-05 18:45:22,916 INFO c.s.h.Main [main] Louis Rose
2023-12-05 18:45:22,916 INFO c.s.h.Main [main] Viktor Solis
2023-12-05 18:45:22,918 INFO c.s.h.Main [main] 4 employees earn more than 1700 
2023-12-05 18:45:22,919 INFO c.s.h.Main [main] false
2023-12-05 18:45:22,920 INFO c.s.h.Main [main] Karen
2023-12-05 18:45:22,920 INFO c.s.h.Main [main] 1 female person has a name that starts with K
2023-12-05 18:45:22,922 INFO c.s.h.Main [main] 2000.0
2023-12-05 18:45:22,922 INFO c.s.h.Main [main] 1800.0
2023-12-05 18:45:22,922 INFO c.s.h.Main [main] 2300.0
2023-12-05 18:45:22,923 INFO c.s.h.Main [main] Forest
2023-12-05 18:45:22,923 INFO c.s.h.Main [main] Forest
2023-12-05 18:45:22,925 INFO c.s.h.Main [main] Are all the mexicans over 23 years old? false
2023-12-05 18:45:22,925 INFO c.s.h.Main [main] Fields from the class Person are:
2023-12-05 18:45:22,925 INFO c.s.h.Main [main] Logger LOGGER
2023-12-05 18:45:22,927 INFO c.s.h.Main [main] String id
2023-12-05 18:45:22,927 INFO c.s.h.Main [main] int age
2023-12-05 18:45:22,927 INFO c.s.h.Main [main] String firstName
2023-12-05 18:45:22,927 INFO c.s.h.Main [main] String lastName
2023-12-05 18:45:22,928 INFO c.s.h.Main [main] Gender gender
2023-12-05 18:45:22,928 INFO c.s.h.Main [main] Country country
2023-12-05 18:45:22,928 INFO c.s.h.Main [main] The constructors from the class Person are:
2023-12-05 18:45:22,928 INFO c.s.h.Main [main] Name of constructor: com.solvd.homework11.models.Person and the paremeter's types are:String int String String Gender Country
2023-12-05 18:45:22,929 INFO c.s.h.Main [main] Methods from the class Person are:
2023-12-05 18:45:22,931 INFO c.s.h.Main [main] public final void sleep 
2023-12-05 18:45:22,931 INFO c.s.h.Main [main] public String getId 
2023-12-05 18:45:22,932 INFO c.s.h.Main [main] public abstract void walk 
2023-12-05 18:45:22,933 INFO c.s.h.Main [main] public Country getCountry 
2023-12-05 18:45:22,934 INFO c.s.h.Main [main] public void setGender  - The parameters are of type: Gender 
2023-12-05 18:45:22,934 INFO c.s.h.Main [main] public final void breath 
2023-12-05 18:45:22,934 INFO c.s.h.Main [main] public final void eat 
2023-12-05 18:45:22,934 INFO c.s.h.Main [main] public void setAge  - The parameters are of type: int 
2023-12-05 18:45:22,935 INFO c.s.h.Main [main] public int getAge 
2023-12-05 18:45:22,935 INFO c.s.h.Main [main] public Gender getGender 
2023-12-05 18:45:22,935 INFO c.s.h.Main [main] public String getFirstName 
2023-12-05 18:45:22,935 INFO c.s.h.Main [main] public String getLastName 
2023-12-05 18:45:22,935 INFO c.s.h.Main [main] public void setId  - The parameters are of type: String 
2023-12-05 18:45:22,936 INFO c.s.h.Main [main] public void setFirstName  - The parameters are of type: String 
2023-12-05 18:45:22,936 INFO c.s.h.Main [main] public void setLastName  - The parameters are of type: String 
2023-12-05 18:45:22,936 INFO c.s.h.Main [main] public void setCountry  - The parameters are of type: Country 
2023-12-05 18:45:22,943 INFO c.s.h.m.Bird [main] I like sleeping in branches from trees!
