2023-12-06 18:31:35,078 INFO c.s.h.m.Zoo [main] The capacity of the zoo is of 50 customers
2023-12-06 18:31:35,081 INFO c.s.h.m.Employee [main] I can walk down the streets from the Zoo and also enter to only-employees rooms.
2023-12-06 18:31:35,081 INFO c.s.h.m.Employee [main] I can walk down the streets from the Zoo and also enter to only-employees rooms.
2023-12-06 18:31:35,082 INFO c.s.h.m.Employee [main] I can walk down the streets from the Zoo and also enter to only-employees rooms.
2023-12-06 18:31:35,082 INFO c.s.h.m.Customer [main] I can walk down the streets from the Zoo!
2023-12-06 18:31:35,082 INFO c.s.h.m.Customer [main] I can walk down the streets from the Zoo!
2023-12-06 18:31:35,082 INFO c.s.h.m.Employee [main] I can walk down the streets from the Zoo and also enter to only-employees rooms.
2023-12-06 18:31:35,082 INFO c.s.h.m.Employee [main] I can walk down the streets from the Zoo and also enter to only-employees rooms.
2023-12-06 18:31:35,083 INFO c.s.h.m.Employee [main] I can walk down the streets from the Zoo and also enter to only-employees rooms.
2023-12-06 18:31:35,085 INFO c.s.h.m.Person [main] I sleep in a bed, during the night!
2023-12-06 18:31:35,085 INFO c.s.h.m.Person [main] I sleep in a bed, during the night!
2023-12-06 18:31:35,086 INFO c.s.h.m.Bird [main] I like sleeping in branches from trees!
2023-12-06 18:31:35,086 INFO c.s.h.m.Bird [main] I like sleeping in branches from trees!
2023-12-06 18:31:35,086 INFO c.s.h.m.Person [main] I sleep in a bed, during the night!
2023-12-06 18:31:35,088 INFO c.s.h.Main [main] There are 4 Animals
2023-12-06 18:31:35,090 INFO c.s.h.Main [main] Insert two integer numbers
2023-12-06 18:31:35,090 INFO c.s.h.Main [main] The result of the sum is 12
2023-12-06 18:31:35,090 ERROR c.s.h.Main [main] Age cannot be negative
com.solvd.homework11.exceptions.NegativeValueException: Age cannot be negative
	at com.solvd.homework11.models.Person.setAge(Person.java:49) ~[classes/:?]
	at com.solvd.homework11.Main.main(Main.java:143) [classes/:?]
2023-12-06 18:31:35,102 INFO c.s.h.Main [main] Current age of Louis is 40
2023-12-06 18:31:35,124 INFO c.s.h.Main [main] There are 50 unique words.
2023-12-06 18:31:35,127 INFO c.s.h.Main [main] The employees over 25 years old are: 
2023-12-06 18:31:35,130 INFO c.s.h.Main [main] Alvaro Rodriguez
2023-12-06 18:31:35,130 INFO c.s.h.Main [main] Karen Lopez
2023-12-06 18:31:35,131 INFO c.s.h.Main [main] The person's ages are: 
2023-12-06 18:31:35,132 INFO c.s.h.Main [main] 24
2023-12-06 18:31:35,133 INFO c.s.h.Main [main] 32
2023-12-06 18:31:35,133 INFO c.s.h.Main [main] 29
2023-12-06 18:31:35,133 INFO c.s.h.Main [main] 40
2023-12-06 18:31:35,134 INFO c.s.h.Main [main] 18
2023-12-06 18:31:35,134 INFO c.s.h.Main [main] 21
2023-12-06 18:31:35,134 INFO c.s.h.Main [main] 32
2023-12-06 18:31:35,135 INFO c.s.h.Main [main] 29
2023-12-06 18:31:35,136 INFO c.s.h.Main [main] The created zoo is called International Zoo
2023-12-06 18:31:35,137 INFO c.s.h.Main [main] The ages of the persons squared are: 
2023-12-06 18:31:35,137 INFO c.s.h.Main [main] 576
2023-12-06 18:31:35,137 INFO c.s.h.Main [main] 1024
2023-12-06 18:31:35,138 INFO c.s.h.Main [main] 841
2023-12-06 18:31:35,138 INFO c.s.h.Main [main] 1600
2023-12-06 18:31:35,138 INFO c.s.h.Main [main] 324
2023-12-06 18:31:35,138 INFO c.s.h.Main [main] 441
2023-12-06 18:31:35,138 INFO c.s.h.Main [main] 1024
2023-12-06 18:31:35,138 INFO c.s.h.Main [main] 841
2023-12-06 18:31:35,142 INFO c.s.h.Main [main] This is concatenation
2023-12-06 18:31:35,143 INFO c.s.h.Main [main] The result of the sum is 56.36
2023-12-06 18:31:35,144 INFO c.s.h.Main [main] The created habitat is called Savanna
2023-12-06 18:31:35,145 INFO c.s.h.Main [main] Alvaro
2023-12-06 18:31:35,146 INFO c.s.h.Main [main] Karen
2023-12-06 18:31:35,147 INFO c.s.h.Main [main] John Doe
2023-12-06 18:31:35,147 INFO c.s.h.Main [main] Alvaro Rodriguez
2023-12-06 18:31:35,147 INFO c.s.h.Main [main] Louis Rose
2023-12-06 18:31:35,147 INFO c.s.h.Main [main] Viktor Solis
2023-12-06 18:31:35,150 INFO c.s.h.Main [main] 4 employees earn more than 1700 
2023-12-06 18:31:35,151 INFO c.s.h.Main [main] false
2023-12-06 18:31:35,152 INFO c.s.h.Main [main] Karen
2023-12-06 18:31:35,153 INFO c.s.h.Main [main] 1 female person has a name that starts with K
2023-12-06 18:31:35,153 INFO c.s.h.Main [main] 2000.0
2023-12-06 18:31:35,154 INFO c.s.h.Main [main] 1800.0
2023-12-06 18:31:35,154 INFO c.s.h.Main [main] 2300.0
2023-12-06 18:31:35,154 INFO c.s.h.Main [main] Forest
2023-12-06 18:31:35,155 INFO c.s.h.Main [main] Forest
2023-12-06 18:31:35,156 INFO c.s.h.Main [main] Are all the mexicans over 23 years old? false
2023-12-06 18:31:35,158 INFO c.s.h.Main [main] Fields from the class Person are:
2023-12-06 18:31:35,159 INFO c.s.h.Main [main] Logger LOGGER
2023-12-06 18:31:35,160 INFO c.s.h.Main [main] String id
2023-12-06 18:31:35,160 INFO c.s.h.Main [main] int age
2023-12-06 18:31:35,160 INFO c.s.h.Main [main] String firstName
2023-12-06 18:31:35,160 INFO c.s.h.Main [main] String lastName
2023-12-06 18:31:35,160 INFO c.s.h.Main [main] Gender gender
2023-12-06 18:31:35,160 INFO c.s.h.Main [main] Country country
2023-12-06 18:31:35,161 INFO c.s.h.Main [main] The constructors from the class Person are:
2023-12-06 18:31:35,161 INFO c.s.h.Main [main] Name of constructor: com.solvd.homework11.models.Person and the paremeter's types are:String int String String Gender Country
2023-12-06 18:31:35,162 INFO c.s.h.Main [main] Methods from the class Person are:
2023-12-06 18:31:35,165 INFO c.s.h.Main [main] public final void sleep 
2023-12-06 18:31:35,165 INFO c.s.h.Main [main] public String getId 
2023-12-06 18:31:35,165 INFO c.s.h.Main [main] public abstract void walk 
2023-12-06 18:31:35,165 INFO c.s.h.Main [main] public Country getCountry 
2023-12-06 18:31:35,165 INFO c.s.h.Main [main] public void setGender  - The parameters are of type: Gender 
2023-12-06 18:31:35,166 INFO c.s.h.Main [main] public final void breath 
2023-12-06 18:31:35,166 INFO c.s.h.Main [main] public final void eat 
2023-12-06 18:31:35,166 INFO c.s.h.Main [main] public void setAge  - The parameters are of type: int 
2023-12-06 18:31:35,166 INFO c.s.h.Main [main] public int getAge 
2023-12-06 18:31:35,166 INFO c.s.h.Main [main] public Gender getGender 
2023-12-06 18:31:35,166 INFO c.s.h.Main [main] public String getFirstName 
2023-12-06 18:31:35,166 INFO c.s.h.Main [main] public String getLastName 
2023-12-06 18:31:35,166 INFO c.s.h.Main [main] public void setId  - The parameters are of type: String 
2023-12-06 18:31:35,167 INFO c.s.h.Main [main] public void setFirstName  - The parameters are of type: String 
2023-12-06 18:31:35,167 INFO c.s.h.Main [main] public void setLastName  - The parameters are of type: String 
2023-12-06 18:31:35,167 INFO c.s.h.Main [main] public void setCountry  - The parameters are of type: Country 
2023-12-06 18:31:35,173 INFO c.s.h.m.Bird [main] I like sleeping in branches from trees!
2023-12-06 18:31:35,174 INFO c.s.h.t.MyThread [Thread-0] Thread Thread-0 running
2023-12-06 18:31:35,175 INFO c.s.h.Main [Thread-1] Thread Thread-1 running
2023-12-06 18:31:35,182 INFO c.s.h.t.ConnectionThread [pool-2-thread-2] pool-2-thread-2 could get the connection.
2023-12-06 18:31:35,182 INFO c.s.h.t.ConnectionThread [pool-2-thread-5] pool-2-thread-5 could get the connection.
2023-12-06 18:31:35,182 INFO c.s.h.t.ConnectionThread [pool-2-thread-6] pool-2-thread-6 could get the connection.
2023-12-06 18:31:35,183 INFO c.s.h.t.ConnectionThread [pool-2-thread-3] pool-2-thread-3 could get the connection.
2023-12-06 18:31:35,183 INFO c.s.h.t.ConnectionThread [pool-2-thread-4] pool-2-thread-4 could get the connection.
2023-12-06 18:31:35,184 INFO c.s.h.t.ConnectionThread [pool-2-thread-1] pool-2-thread-1 could get the connection.
2023-12-06 18:31:35,184 INFO c.s.h.t.ConnectionThread [pool-2-thread-7] pool-2-thread-7 could get the connection.
2023-12-06 18:31:35,185 INFO c.s.h.Main [main] java.util.concurrent.FutureTask@f0c8a99[Not completed, task = com.solvd.homework11.threads.CallableConnectionThread@46cdf8bd]
2023-12-06 18:31:35,186 INFO c.s.h.Main [main] java.util.concurrent.FutureTask@f78a47e[Not completed, task = com.solvd.homework11.threads.CallableConnectionThread@26d9b808]
2023-12-06 18:31:35,187 INFO c.s.h.Main [main] java.util.concurrent.FutureTask@1ed4ae0f[Not completed, task = com.solvd.homework11.threads.CallableConnectionThread@7526515b]
2023-12-06 18:31:35,188 INFO c.s.h.u.ConnectionPool [pool-3-thread-2] pool-3-thread-2 is waiting...
2023-12-06 18:31:35,189 INFO c.s.h.Main [main] java.util.concurrent.FutureTask@2a265ea9[Not completed, task = com.solvd.homework11.threads.CallableConnectionThread@6d4d66d2]
2023-12-06 18:31:35,189 INFO c.s.h.u.ConnectionPool [pool-3-thread-4] pool-3-thread-4 is waiting...
2023-12-06 18:31:35,192 INFO c.s.h.Main [main] java.util.concurrent.FutureTask@6e6f2380[Not completed, task = com.solvd.homework11.threads.CallableConnectionThread@6892b3b6]
2023-12-06 18:31:35,192 INFO c.s.h.u.ConnectionPool [pool-3-thread-5] pool-3-thread-5 is waiting...
2023-12-06 18:31:35,196 INFO c.s.h.Main [main] java.util.concurrent.FutureTask@53fe15ff[Not completed, task = com.solvd.homework11.threads.CallableConnectionThread@2e8c1c9b]
2023-12-06 18:31:35,196 INFO c.s.h.u.ConnectionPool [pool-3-thread-6] pool-3-thread-6 is waiting...
2023-12-06 18:31:35,196 INFO c.s.h.Main [main] java.util.concurrent.FutureTask@5b1669c0[Not completed, task = com.solvd.homework11.threads.CallableConnectionThread@1530c739]
2023-12-06 18:31:35,196 INFO c.s.h.u.ConnectionPool [pool-3-thread-7] pool-3-thread-7 is waiting...
