2023-12-03 21:12:33,582 INFO c.s.h.m.Zoo [main] The capacity of the zoo is of 50 customers
2023-12-03 21:12:33,585 INFO c.s.h.m.Employee [main] I can walk down the streets from the Zoo and also enter to only-employees rooms.
2023-12-03 21:12:33,586 INFO c.s.h.m.Employee [main] I can walk down the streets from the Zoo and also enter to only-employees rooms.
2023-12-03 21:12:33,586 INFO c.s.h.m.Employee [main] I can walk down the streets from the Zoo and also enter to only-employees rooms.
2023-12-03 21:12:33,586 INFO c.s.h.m.Customer [main] I can walk down the streets from the Zoo!
2023-12-03 21:12:33,587 INFO c.s.h.m.Customer [main] I can walk down the streets from the Zoo!
2023-12-03 21:12:33,588 INFO c.s.h.m.Employee [main] I can walk down the streets from the Zoo and also enter to only-employees rooms.
2023-12-03 21:12:33,589 INFO c.s.h.m.Employee [main] I can walk down the streets from the Zoo and also enter to only-employees rooms.
2023-12-03 21:12:33,589 INFO c.s.h.m.Employee [main] I can walk down the streets from the Zoo and also enter to only-employees rooms.
2023-12-03 21:12:33,590 INFO c.s.h.m.Person [main] I sleep in a bed, during the night!
2023-12-03 21:12:33,590 INFO c.s.h.m.Person [main] I sleep in a bed, during the night!
2023-12-03 21:12:33,593 INFO c.s.h.m.Bird [main] I like sleeping in branches from trees!
2023-12-03 21:12:33,593 INFO c.s.h.m.Bird [main] I like sleeping in branches from trees!
2023-12-03 21:12:33,593 INFO c.s.h.m.Person [main] I sleep in a bed, during the night!
2023-12-03 21:12:33,594 INFO c.s.h.Main [main] There are 4 Animals
2023-12-03 21:12:33,597 INFO c.s.h.Main [main] Insert two integer numbers
2023-12-03 21:12:33,598 INFO c.s.h.Main [main] The result of the sum is 12
2023-12-03 21:12:33,598 ERROR c.s.h.Main [main] Age cannot be negative
com.solvd.homework11.exceptions.NegativeValueException: Age cannot be negative
	at com.solvd.homework11.models.Person.setAge(Person.java:49) ~[classes/:?]
	at com.solvd.homework11.Main.main(Main.java:136) [classes/:?]
2023-12-03 21:12:33,616 INFO c.s.h.Main [main] Current age of Louis is 40
2023-12-03 21:12:33,645 INFO c.s.h.Main [main] There are 50 unique words.
2023-12-03 21:12:33,647 INFO c.s.h.Main [main] The employees over 25 years old are: 
2023-12-03 21:12:33,648 INFO c.s.h.Main [main] Alvaro Rodriguez
2023-12-03 21:12:33,649 INFO c.s.h.Main [main] Karen Lopez
2023-12-03 21:12:33,649 INFO c.s.h.Main [main] The person's ages are: 
2023-12-03 21:12:33,650 INFO c.s.h.Main [main] 24
2023-12-03 21:12:33,650 INFO c.s.h.Main [main] 32
2023-12-03 21:12:33,651 INFO c.s.h.Main [main] 29
2023-12-03 21:12:33,651 INFO c.s.h.Main [main] 40
2023-12-03 21:12:33,651 INFO c.s.h.Main [main] 18
2023-12-03 21:12:33,652 INFO c.s.h.Main [main] 21
2023-12-03 21:12:33,652 INFO c.s.h.Main [main] 32
2023-12-03 21:12:33,652 INFO c.s.h.Main [main] 29
2023-12-03 21:12:33,653 INFO c.s.h.Main [main] The created zoo is called International Zoo
2023-12-03 21:12:33,653 INFO c.s.h.Main [main] The ages of the persons squared are: 
2023-12-03 21:12:33,654 INFO c.s.h.Main [main] 576
2023-12-03 21:12:33,654 INFO c.s.h.Main [main] 1024
2023-12-03 21:12:33,654 INFO c.s.h.Main [main] 841
2023-12-03 21:12:33,654 INFO c.s.h.Main [main] 1600
2023-12-03 21:12:33,654 INFO c.s.h.Main [main] 324
2023-12-03 21:12:33,654 INFO c.s.h.Main [main] 441
2023-12-03 21:12:33,654 INFO c.s.h.Main [main] 1024
2023-12-03 21:12:33,654 INFO c.s.h.Main [main] 841
2023-12-03 21:12:33,659 INFO c.s.h.Main [main] This is concatenation
2023-12-03 21:12:33,660 INFO c.s.h.Main [main] The result of the sum is 56.36
2023-12-03 21:12:33,660 INFO c.s.h.Main [main] The created habitat is called Savanna
2023-12-03 21:12:33,662 INFO c.s.h.Main [main] Alvaro
2023-12-03 21:12:33,662 INFO c.s.h.Main [main] Karen
2023-12-03 21:12:33,669 INFO c.s.h.Main [main] John Doe
2023-12-03 21:12:33,669 INFO c.s.h.Main [main] Alvaro Rodriguez
2023-12-03 21:12:33,669 INFO c.s.h.Main [main] Louis Rose
2023-12-03 21:12:33,670 INFO c.s.h.Main [main] Viktor Solis
2023-12-03 21:12:33,672 INFO c.s.h.Main [main] 4 employees earn more than 1700 
2023-12-03 21:12:33,673 INFO c.s.h.Main [main] false
2023-12-03 21:12:33,674 INFO c.s.h.Main [main] Karen
2023-12-03 21:12:33,674 INFO c.s.h.Main [main] 1 female person has a name that starts with K
2023-12-03 21:12:33,675 INFO c.s.h.Main [main] 2000.0
2023-12-03 21:12:33,676 INFO c.s.h.Main [main] 1800.0
2023-12-03 21:12:33,676 INFO c.s.h.Main [main] 2300.0
2023-12-03 21:12:33,677 INFO c.s.h.Main [main] Forest
2023-12-03 21:12:33,677 INFO c.s.h.Main [main] Forest
2023-12-03 21:12:33,678 INFO c.s.h.Main [main] Are all the mexicans over 23 years old? false
2023-12-03 21:12:33,678 INFO c.s.h.Main [main] Fields from the class Person are:
2023-12-03 21:12:33,679 INFO c.s.h.Main [main] Logger LOGGER
2023-12-03 21:12:33,682 INFO c.s.h.Main [main] String id
2023-12-03 21:12:33,682 INFO c.s.h.Main [main] int age
2023-12-03 21:12:33,683 INFO c.s.h.Main [main] String firstName
2023-12-03 21:12:33,683 INFO c.s.h.Main [main] String lastName
2023-12-03 21:12:33,683 INFO c.s.h.Main [main] Gender gender
2023-12-03 21:12:33,683 INFO c.s.h.Main [main] Country country
2023-12-03 21:12:33,686 INFO c.s.h.Main [main] The constructors from the class Person are:
2023-12-03 21:12:33,686 INFO c.s.h.Main [main] com.solvd.homework11.models.Person
2023-12-03 21:12:33,687 INFO c.s.h.Main [main] String
2023-12-03 21:12:33,688 INFO c.s.h.Main [main] int
2023-12-03 21:12:33,688 INFO c.s.h.Main [main] String
2023-12-03 21:12:33,688 INFO c.s.h.Main [main] String
2023-12-03 21:12:33,688 INFO c.s.h.Main [main] Gender
2023-12-03 21:12:33,689 INFO c.s.h.Main [main] Country
2023-12-03 21:12:33,690 INFO c.s.h.Main [main] Methods from the class Person are:
2023-12-03 21:12:33,690 INFO c.s.h.Main [main] public final sleep 
2023-12-03 21:12:33,690 INFO c.s.h.Main [main] public getId 
2023-12-03 21:12:33,691 INFO c.s.h.Main [main] public abstract walk 
2023-12-03 21:12:33,692 INFO c.s.h.Main [main] public getCountry 
2023-12-03 21:12:33,692 INFO c.s.h.Main [main] public setGender  - The parameters are of type: Gender 
2023-12-03 21:12:33,693 INFO c.s.h.Main [main] public final breath 
2023-12-03 21:12:33,693 INFO c.s.h.Main [main] public final eat 
2023-12-03 21:12:33,694 INFO c.s.h.Main [main] public setAge  - The parameters are of type: int 
2023-12-03 21:12:33,694 INFO c.s.h.Main [main] public getAge 
2023-12-03 21:12:33,694 INFO c.s.h.Main [main] public getGender 
2023-12-03 21:12:33,695 INFO c.s.h.Main [main] public getFirstName 
2023-12-03 21:12:33,695 INFO c.s.h.Main [main] public getLastName 
2023-12-03 21:12:33,695 INFO c.s.h.Main [main] public setId  - The parameters are of type: String 
2023-12-03 21:12:33,695 INFO c.s.h.Main [main] public setFirstName  - The parameters are of type: String 
2023-12-03 21:12:33,696 INFO c.s.h.Main [main] public setLastName  - The parameters are of type: String 
2023-12-03 21:12:33,697 INFO c.s.h.Main [main] public setCountry  - The parameters are of type: Country 
