2023-12-03 19:12:41,207 INFO c.s.h.m.Zoo [main] The capacity of the zoo is of 50 customers
2023-12-03 19:12:41,210 INFO c.s.h.m.Employee [main] I can walk down the streets from the Zoo and also enter to only-employees rooms.
2023-12-03 19:12:41,211 INFO c.s.h.m.Employee [main] I can walk down the streets from the Zoo and also enter to only-employees rooms.
2023-12-03 19:12:41,211 INFO c.s.h.m.Employee [main] I can walk down the streets from the Zoo and also enter to only-employees rooms.
2023-12-03 19:12:41,212 INFO c.s.h.m.Customer [main] I can walk down the streets from the Zoo!
2023-12-03 19:12:41,212 INFO c.s.h.m.Customer [main] I can walk down the streets from the Zoo!
2023-12-03 19:12:41,213 INFO c.s.h.m.Employee [main] I can walk down the streets from the Zoo and also enter to only-employees rooms.
2023-12-03 19:12:41,213 INFO c.s.h.m.Employee [main] I can walk down the streets from the Zoo and also enter to only-employees rooms.
2023-12-03 19:12:41,213 INFO c.s.h.m.Employee [main] I can walk down the streets from the Zoo and also enter to only-employees rooms.
2023-12-03 19:12:41,214 INFO c.s.h.m.Person [main] I sleep in a bed, during the night!
2023-12-03 19:12:41,214 INFO c.s.h.m.Person [main] I sleep in a bed, during the night!
2023-12-03 19:12:41,214 INFO c.s.h.m.Bird [main] I like sleeping in branches from trees!
2023-12-03 19:12:41,215 INFO c.s.h.m.Bird [main] I like sleeping in branches from trees!
2023-12-03 19:12:41,216 INFO c.s.h.m.Person [main] I sleep in a bed, during the night!
2023-12-03 19:12:41,217 INFO c.s.h.Main [main] There are 4 Animals
2023-12-03 19:12:41,219 INFO c.s.h.Main [main] Insert two integer numbers
2023-12-03 19:12:41,220 INFO c.s.h.Main [main] The result of the sum is 12
2023-12-03 19:12:41,221 ERROR c.s.h.Main [main] Age cannot be negative
com.solvd.homework11.exceptions.NegativeValueException: Age cannot be negative
	at com.solvd.homework11.models.Person.setAge(Person.java:49) ~[classes/:?]
	at com.solvd.homework11.Main.main(Main.java:135) [classes/:?]
2023-12-03 19:12:41,236 INFO c.s.h.Main [main] Current age of Louis is 40
2023-12-03 19:12:41,261 INFO c.s.h.Main [main] There are 50 unique words.
2023-12-03 19:12:41,263 INFO c.s.h.Main [main] The employees over 25 years old are: 
2023-12-03 19:12:41,264 INFO c.s.h.Main [main] Alvaro Rodriguez
2023-12-03 19:12:41,264 INFO c.s.h.Main [main] Karen Lopez
2023-12-03 19:12:41,265 INFO c.s.h.Main [main] The person's ages are: 
2023-12-03 19:12:41,266 INFO c.s.h.Main [main] 24
2023-12-03 19:12:41,266 INFO c.s.h.Main [main] 32
2023-12-03 19:12:41,266 INFO c.s.h.Main [main] 29
2023-12-03 19:12:41,266 INFO c.s.h.Main [main] 40
2023-12-03 19:12:41,267 INFO c.s.h.Main [main] 18
2023-12-03 19:12:41,267 INFO c.s.h.Main [main] 21
2023-12-03 19:12:41,267 INFO c.s.h.Main [main] 32
2023-12-03 19:12:41,267 INFO c.s.h.Main [main] 29
2023-12-03 19:12:41,268 INFO c.s.h.Main [main] The created zoo is called International Zoo
2023-12-03 19:12:41,269 INFO c.s.h.Main [main] The ages of the persons squared are: 
2023-12-03 19:12:41,270 INFO c.s.h.Main [main] 576
2023-12-03 19:12:41,270 INFO c.s.h.Main [main] 1024
2023-12-03 19:12:41,270 INFO c.s.h.Main [main] 841
2023-12-03 19:12:41,271 INFO c.s.h.Main [main] 1600
2023-12-03 19:12:41,272 INFO c.s.h.Main [main] 324
2023-12-03 19:12:41,272 INFO c.s.h.Main [main] 441
2023-12-03 19:12:41,273 INFO c.s.h.Main [main] 1024
2023-12-03 19:12:41,273 INFO c.s.h.Main [main] 841
2023-12-03 19:12:41,282 INFO c.s.h.Main [main] This is concatenation
2023-12-03 19:12:41,283 INFO c.s.h.Main [main] The result of the sum is 56.36
2023-12-03 19:12:41,285 INFO c.s.h.Main [main] The created habitat is called Savanna
2023-12-03 19:12:41,286 INFO c.s.h.Main [main] Alvaro
2023-12-03 19:12:41,287 INFO c.s.h.Main [main] Karen
2023-12-03 19:12:41,289 INFO c.s.h.Main [main] John Doe
2023-12-03 19:12:41,290 INFO c.s.h.Main [main] Alvaro Rodriguez
2023-12-03 19:12:41,291 INFO c.s.h.Main [main] Louis Rose
2023-12-03 19:12:41,291 INFO c.s.h.Main [main] Viktor Solis
2023-12-03 19:12:41,297 INFO c.s.h.Main [main] 4 employees earn more than 1700 
2023-12-03 19:12:41,299 INFO c.s.h.Main [main] false
2023-12-03 19:12:41,300 INFO c.s.h.Main [main] Karen
2023-12-03 19:12:41,300 INFO c.s.h.Main [main] 1 female person has a name that starts with K
2023-12-03 19:12:41,301 INFO c.s.h.Main [main] 2000.0
2023-12-03 19:12:41,301 INFO c.s.h.Main [main] 1800.0
2023-12-03 19:12:41,302 INFO c.s.h.Main [main] 2300.0
2023-12-03 19:12:41,302 INFO c.s.h.Main [main] Forest
