2023-12-03 19:06:12,633 INFO c.s.h.m.Zoo [main] The capacity of the zoo is of 50 customers
2023-12-03 19:06:12,636 INFO c.s.h.m.Employee [main] I can walk down the streets from the Zoo and also enter to only-employees rooms.
2023-12-03 19:06:12,637 INFO c.s.h.m.Employee [main] I can walk down the streets from the Zoo and also enter to only-employees rooms.
2023-12-03 19:06:12,637 INFO c.s.h.m.Employee [main] I can walk down the streets from the Zoo and also enter to only-employees rooms.
2023-12-03 19:06:12,637 INFO c.s.h.m.Customer [main] I can walk down the streets from the Zoo!
2023-12-03 19:06:12,637 INFO c.s.h.m.Customer [main] I can walk down the streets from the Zoo!
2023-12-03 19:06:12,638 INFO c.s.h.m.Employee [main] I can walk down the streets from the Zoo and also enter to only-employees rooms.
2023-12-03 19:06:12,638 INFO c.s.h.m.Employee [main] I can walk down the streets from the Zoo and also enter to only-employees rooms.
2023-12-03 19:06:12,638 INFO c.s.h.m.Employee [main] I can walk down the streets from the Zoo and also enter to only-employees rooms.
2023-12-03 19:06:12,639 INFO c.s.h.m.Person [main] I sleep in a bed, during the night!
2023-12-03 19:06:12,639 INFO c.s.h.m.Person [main] I sleep in a bed, during the night!
2023-12-03 19:06:12,640 INFO c.s.h.m.Bird [main] I like sleeping in branches from trees!
2023-12-03 19:06:12,640 INFO c.s.h.m.Bird [main] I like sleeping in branches from trees!
2023-12-03 19:06:12,640 INFO c.s.h.m.Person [main] I sleep in a bed, during the night!
2023-12-03 19:06:12,641 INFO c.s.h.Main [main] There are 4 Animals
2023-12-03 19:06:12,642 INFO c.s.h.Main [main] Insert two integer numbers
2023-12-03 19:06:12,643 INFO c.s.h.Main [main] The result of the sum is 12
2023-12-03 19:06:12,643 ERROR c.s.h.Main [main] Age cannot be negative
com.solvd.homework11.exceptions.NegativeValueException: Age cannot be negative
	at com.solvd.homework11.models.Person.setAge(Person.java:49) ~[classes/:?]
	at com.solvd.homework11.Main.main(Main.java:135) [classes/:?]
2023-12-03 19:06:12,651 INFO c.s.h.Main [main] Current age of Louis is 40
2023-12-03 19:06:12,675 INFO c.s.h.Main [main] There are 50 unique words.
2023-12-03 19:06:12,678 INFO c.s.h.Main [main] The employees over 25 years old are: 
2023-12-03 19:06:12,681 INFO c.s.h.Main [main] Alvaro Rodriguez
2023-12-03 19:06:12,682 INFO c.s.h.Main [main] Karen Lopez
2023-12-03 19:06:12,683 INFO c.s.h.Main [main] The person's ages are: 
2023-12-03 19:06:12,684 INFO c.s.h.Main [main] 24
2023-12-03 19:06:12,685 INFO c.s.h.Main [main] 32
2023-12-03 19:06:12,685 INFO c.s.h.Main [main] 29
2023-12-03 19:06:12,686 INFO c.s.h.Main [main] 40
2023-12-03 19:06:12,687 INFO c.s.h.Main [main] 18
2023-12-03 19:06:12,687 INFO c.s.h.Main [main] 21
2023-12-03 19:06:12,688 INFO c.s.h.Main [main] 32
2023-12-03 19:06:12,688 INFO c.s.h.Main [main] 29
2023-12-03 19:06:12,688 INFO c.s.h.Main [main] The created zoo is called International Zoo
2023-12-03 19:06:12,689 INFO c.s.h.Main [main] The ages of the persons squared are: 
2023-12-03 19:06:12,690 INFO c.s.h.Main [main] 576
2023-12-03 19:06:12,690 INFO c.s.h.Main [main] 1024
2023-12-03 19:06:12,691 INFO c.s.h.Main [main] 841
2023-12-03 19:06:12,691 INFO c.s.h.Main [main] 1600
2023-12-03 19:06:12,692 INFO c.s.h.Main [main] 324
2023-12-03 19:06:12,692 INFO c.s.h.Main [main] 441
2023-12-03 19:06:12,693 INFO c.s.h.Main [main] 1024
2023-12-03 19:06:12,693 INFO c.s.h.Main [main] 841
2023-12-03 19:06:12,698 INFO c.s.h.Main [main] This is concatenation
2023-12-03 19:06:12,699 INFO c.s.h.Main [main] The result of the sum is 56.36
2023-12-03 19:06:12,702 INFO c.s.h.Main [main] The created habitat is called Savanna
2023-12-03 19:06:12,703 INFO c.s.h.Main [main] Alvaro
2023-12-03 19:06:12,704 INFO c.s.h.Main [main] Karen
2023-12-03 19:06:12,705 INFO c.s.h.Main [main] John Doe
2023-12-03 19:06:12,705 INFO c.s.h.Main [main] Alvaro Rodriguez
2023-12-03 19:06:12,705 INFO c.s.h.Main [main] Louis Rose
2023-12-03 19:06:12,706 INFO c.s.h.Main [main] Viktor Solis
2023-12-03 19:06:12,708 INFO c.s.h.Main [main] 4 employees earn more than 1700 
2023-12-03 19:06:12,709 INFO c.s.h.Main [main] false
2023-12-03 19:06:12,716 INFO c.s.h.Main [main] Karen
2023-12-03 19:06:12,717 INFO c.s.h.Main [main] 1 female person has a name that starts with K
2023-12-03 19:06:12,718 INFO c.s.h.Main [main] 2000.0
2023-12-03 19:06:12,718 INFO c.s.h.Main [main] 1800.0
2023-12-03 19:06:12,718 INFO c.s.h.Main [main] 2300.0
