2023-12-06 15:54:44,572 INFO c.s.h.m.Zoo [main] The capacity of the zoo is of 50 customers
2023-12-06 15:54:44,575 INFO c.s.h.m.Employee [main] I can walk down the streets from the Zoo and also enter to only-employees rooms.
2023-12-06 15:54:44,575 INFO c.s.h.m.Employee [main] I can walk down the streets from the Zoo and also enter to only-employees rooms.
2023-12-06 15:54:44,576 INFO c.s.h.m.Employee [main] I can walk down the streets from the Zoo and also enter to only-employees rooms.
2023-12-06 15:54:44,576 INFO c.s.h.m.Customer [main] I can walk down the streets from the Zoo!
2023-12-06 15:54:44,577 INFO c.s.h.m.Customer [main] I can walk down the streets from the Zoo!
2023-12-06 15:54:44,577 INFO c.s.h.m.Employee [main] I can walk down the streets from the Zoo and also enter to only-employees rooms.
2023-12-06 15:54:44,577 INFO c.s.h.m.Employee [main] I can walk down the streets from the Zoo and also enter to only-employees rooms.
2023-12-06 15:54:44,577 INFO c.s.h.m.Employee [main] I can walk down the streets from the Zoo and also enter to only-employees rooms.
2023-12-06 15:54:44,578 INFO c.s.h.m.Person [main] I sleep in a bed, during the night!
2023-12-06 15:54:44,578 INFO c.s.h.m.Person [main] I sleep in a bed, during the night!
2023-12-06 15:54:44,578 INFO c.s.h.m.Bird [main] I like sleeping in branches from trees!
2023-12-06 15:54:44,578 INFO c.s.h.m.Bird [main] I like sleeping in branches from trees!
2023-12-06 15:54:44,579 INFO c.s.h.m.Person [main] I sleep in a bed, during the night!
2023-12-06 15:54:44,579 INFO c.s.h.Main [main] There are 4 Animals
2023-12-06 15:54:44,582 INFO c.s.h.Main [main] Insert two integer numbers
2023-12-06 15:54:44,583 INFO c.s.h.Main [main] The result of the sum is 12
2023-12-06 15:54:44,583 ERROR c.s.h.Main [main] Age cannot be negative
com.solvd.homework11.exceptions.NegativeValueException: Age cannot be negative
	at com.solvd.homework11.models.Person.setAge(Person.java:49) ~[classes/:?]
	at com.solvd.homework11.Main.main(Main.java:141) [classes/:?]
2023-12-06 15:54:44,599 INFO c.s.h.Main [main] Current age of Louis is 40
2023-12-06 15:54:44,620 INFO c.s.h.Main [main] There are 50 unique words.
2023-12-06 15:54:44,623 INFO c.s.h.Main [main] The employees over 25 years old are: 
2023-12-06 15:54:44,623 INFO c.s.h.Main [main] Alvaro Rodriguez
2023-12-06 15:54:44,624 INFO c.s.h.Main [main] Karen Lopez
2023-12-06 15:54:44,624 INFO c.s.h.Main [main] The person's ages are: 
2023-12-06 15:54:44,625 INFO c.s.h.Main [main] 24
2023-12-06 15:54:44,625 INFO c.s.h.Main [main] 32
2023-12-06 15:54:44,625 INFO c.s.h.Main [main] 29
2023-12-06 15:54:44,626 INFO c.s.h.Main [main] 40
2023-12-06 15:54:44,626 INFO c.s.h.Main [main] 18
2023-12-06 15:54:44,626 INFO c.s.h.Main [main] 21
2023-12-06 15:54:44,626 INFO c.s.h.Main [main] 32
2023-12-06 15:54:44,626 INFO c.s.h.Main [main] 29
2023-12-06 15:54:44,627 INFO c.s.h.Main [main] The created zoo is called International Zoo
2023-12-06 15:54:44,627 INFO c.s.h.Main [main] The ages of the persons squared are: 
2023-12-06 15:54:44,628 INFO c.s.h.Main [main] 576
2023-12-06 15:54:44,628 INFO c.s.h.Main [main] 1024
2023-12-06 15:54:44,628 INFO c.s.h.Main [main] 841
2023-12-06 15:54:44,628 INFO c.s.h.Main [main] 1600
2023-12-06 15:54:44,629 INFO c.s.h.Main [main] 324
2023-12-06 15:54:44,629 INFO c.s.h.Main [main] 441
2023-12-06 15:54:44,629 INFO c.s.h.Main [main] 1024
2023-12-06 15:54:44,629 INFO c.s.h.Main [main] 841
2023-12-06 15:54:44,633 INFO c.s.h.Main [main] This is concatenation
2023-12-06 15:54:44,633 INFO c.s.h.Main [main] The result of the sum is 56.36
2023-12-06 15:54:44,634 INFO c.s.h.Main [main] The created habitat is called Savanna
2023-12-06 15:54:44,635 INFO c.s.h.Main [main] Alvaro
2023-12-06 15:54:44,635 INFO c.s.h.Main [main] Karen
2023-12-06 15:54:44,636 INFO c.s.h.Main [main] John Doe
2023-12-06 15:54:44,637 INFO c.s.h.Main [main] Alvaro Rodriguez
2023-12-06 15:54:44,637 INFO c.s.h.Main [main] Louis Rose
2023-12-06 15:54:44,637 INFO c.s.h.Main [main] Viktor Solis
2023-12-06 15:54:44,641 INFO c.s.h.Main [main] 4 employees earn more than 1700 
2023-12-06 15:54:44,642 INFO c.s.h.Main [main] false
2023-12-06 15:54:44,643 INFO c.s.h.Main [main] Karen
2023-12-06 15:54:44,643 INFO c.s.h.Main [main] 1 female person has a name that starts with K
2023-12-06 15:54:44,644 INFO c.s.h.Main [main] 2000.0
2023-12-06 15:54:44,644 INFO c.s.h.Main [main] 1800.0
2023-12-06 15:54:44,645 INFO c.s.h.Main [main] 2300.0
2023-12-06 15:54:44,645 INFO c.s.h.Main [main] Forest
2023-12-06 15:54:44,646 INFO c.s.h.Main [main] Forest
2023-12-06 15:54:44,646 INFO c.s.h.Main [main] Are all the mexicans over 23 years old? false
2023-12-06 15:54:44,647 INFO c.s.h.Main [main] Fields from the class Person are:
2023-12-06 15:54:44,647 INFO c.s.h.Main [main] Logger LOGGER
2023-12-06 15:54:44,647 INFO c.s.h.Main [main] String id
2023-12-06 15:54:44,647 INFO c.s.h.Main [main] int age
2023-12-06 15:54:44,648 INFO c.s.h.Main [main] String firstName
2023-12-06 15:54:44,648 INFO c.s.h.Main [main] String lastName
2023-12-06 15:54:44,648 INFO c.s.h.Main [main] Gender gender
2023-12-06 15:54:44,648 INFO c.s.h.Main [main] Country country
2023-12-06 15:54:44,648 INFO c.s.h.Main [main] The constructors from the class Person are:
2023-12-06 15:54:44,649 INFO c.s.h.Main [main] Name of constructor: com.solvd.homework11.models.Person and the paremeter's types are:String int String String Gender Country
2023-12-06 15:54:44,649 INFO c.s.h.Main [main] Methods from the class Person are:
2023-12-06 15:54:44,652 INFO c.s.h.Main [main] public final void sleep 
2023-12-06 15:54:44,653 INFO c.s.h.Main [main] public String getId 
2023-12-06 15:54:44,653 INFO c.s.h.Main [main] public abstract void walk 
2023-12-06 15:54:44,654 INFO c.s.h.Main [main] public Country getCountry 
2023-12-06 15:54:44,654 INFO c.s.h.Main [main] public void setGender  - The parameters are of type: Gender 
2023-12-06 15:54:44,654 INFO c.s.h.Main [main] public final void breath 
2023-12-06 15:54:44,654 INFO c.s.h.Main [main] public final void eat 
2023-12-06 15:54:44,654 INFO c.s.h.Main [main] public void setAge  - The parameters are of type: int 
2023-12-06 15:54:44,655 INFO c.s.h.Main [main] public int getAge 
2023-12-06 15:54:44,655 INFO c.s.h.Main [main] public Gender getGender 
2023-12-06 15:54:44,655 INFO c.s.h.Main [main] public String getFirstName 
2023-12-06 15:54:44,655 INFO c.s.h.Main [main] public String getLastName 
2023-12-06 15:54:44,656 INFO c.s.h.Main [main] public void setId  - The parameters are of type: String 
2023-12-06 15:54:44,656 INFO c.s.h.Main [main] public void setFirstName  - The parameters are of type: String 
2023-12-06 15:54:44,657 INFO c.s.h.Main [main] public void setLastName  - The parameters are of type: String 
2023-12-06 15:54:44,658 INFO c.s.h.Main [main] public void setCountry  - The parameters are of type: Country 
2023-12-06 15:54:44,667 INFO c.s.h.m.Bird [main] I like sleeping in branches from trees!
2023-12-06 15:54:44,669 INFO c.s.h.t.MyThread [Thread-0] Thread Thread-0 running
2023-12-06 15:54:44,673 INFO c.s.h.Main [Thread-1] Thread Thread-1 running
2023-12-06 15:54:44,674 DEBUG c.s.h.t.ConnectionThread [pool-2-thread-1] pool-2-thread-1 could get the connection.
2023-12-06 15:54:44,679 DEBUG c.s.h.t.ConnectionThread [pool-2-thread-3] pool-2-thread-3 could get the connection.
2023-12-06 15:54:44,679 DEBUG c.s.h.t.ConnectionThread [pool-2-thread-4] pool-2-thread-4 could get the connection.
2023-12-06 15:54:44,679 DEBUG c.s.h.t.ConnectionThread [pool-2-thread-2] pool-2-thread-2 could get the connection.
2023-12-06 15:54:44,681 DEBUG c.s.h.t.ConnectionThread [pool-2-thread-6] pool-2-thread-6 could get the connection.
